#
# There is insufficient memory for the Java Runtime Environment to continue.
# Native memory allocation (malloc) failed to allocate 1160736 bytes for Chunk::new
# Possible reasons:
#   The system is out of physical RAM or swap space
#   The process is running with CompressedOops enabled, and the Java Heap may be blocking the growth of the native heap
# Possible solutions:
#   Reduce memory load on the system
#   Increase physical memory or swap space
#   Check if swap backing store is full
#   Decrease Java heap size (-Xmx/-Xms)
#   Decrease number of Java threads
#   Decrease Java thread stack sizes (-Xss)
#   Set larger code cache with -XX:ReservedCodeCacheSize=
#   JVM is running with Unscaled Compressed Oops mode in which the Java heap is
#     placed in the first 4GB address space. The Java Heap base address is the
#     maximum limit for the native heap growth. Please use -XX:HeapBaseMinAddress
#     to set the Java Heap base and to place the Java Heap above 4GB virtual address.
# This output file may be truncated or incomplete.
#
#  Out of Memory Error (arena.cpp:189), pid=11464, tid=8072
#
# JRE version: OpenJDK Runtime Environment (17.0.6) (build 17.0.6+0-b2043.56-9586694)
# Java VM: OpenJDK 64-Bit Server VM (17.0.6+0-b2043.56-9586694, mixed mode, tiered, compressed oops, compressed class ptrs, g1 gc, windows-amd64)
# No core dump will be written. Minidumps are not enabled by default on client versions of Windows
#

---------------  S U M M A R Y ------------

Command Line: --add-opens=java.base/java.util=ALL-UNNAMED --add-opens=java.base/java.lang=ALL-UNNAMED --add-opens=java.base/java.lang.invoke=ALL-UNNAMED --add-opens=java.base/java.util=ALL-UNNAMED --add-opens=java.prefs/java.util.prefs=ALL-UNNAMED --add-opens=java.prefs/java.util.prefs=ALL-UNNAMED --add-opens=java.base/java.nio.charset=ALL-UNNAMED --add-opens=java.base/java.net=ALL-UNNAMED --add-opens=java.base/java.util.concurrent.atomic=ALL-UNNAMED -XX:MaxMetaspaceSize=256m -XX:+HeapDumpOnOutOfMemoryError -Xms256m -Xmx512m -Dfile.encoding=windows-1252 -Duser.country=US -Duser.language=en -Duser.variant org.gradle.launcher.daemon.bootstrap.GradleDaemon 7.5

Host: Intel(R) Core(TM) i7-8565U CPU @ 1.80GHz, 8 cores, 15G,  Windows 11 , 64 bit Build 22000 (10.0.22000.1761)
Time: Sun Apr 23 20:26:49 2023 W. Europe Daylight Time elapsed time: 12.628870 seconds (0d 0h 0m 12s)

---------------  T H R E A D  ---------------

Current thread (0x000001bc3409d560):  JavaThread "C2 CompilerThread2" daemon [_thread_in_native, id=8072, stack(0x00000053be900000,0x00000053bea00000)]


Current CompileTask:
C2:  12628 4708       4       groovy.lang.MetaClassImpl$1MOPIter::methodNameAction (325 bytes)

Stack: [0x00000053be900000,0x00000053bea00000]
Native frames: (J=compiled Java code, j=interpreted, Vv=VM code, C=native code)
V  [jvm.dll+0x683b4a]
V  [jvm.dll+0x842654]
V  [jvm.dll+0x843dfe]
V  [jvm.dll+0x844463]
V  [jvm.dll+0x249b75]
V  [jvm.dll+0xabcac]
V  [jvm.dll+0xac27c]
V  [jvm.dll+0x368857]
V  [jvm.dll+0x1bced2]
V  [jvm.dll+0x21c359]
V  [jvm.dll+0x21b621]
V  [jvm.dll+0x1a4fdd]
V  [jvm.dll+0x22b098]
V  [jvm.dll+0x229159]
V  [jvm.dll+0x7f809c]
V  [jvm.dll+0x7f25fa]
V  [jvm.dll+0x682985]
C  [ucrtbase.dll+0x26c0c]
C  [KERNEL32.DLL+0x15590]
C  [ntdll.dll+0x485b]


---------------  P R O C E S S  ---------------

Threads class SMR info:
_java_thread_list=0x000001bc2ee564c0, length=43, elements={
0x000001bc1790ee20, 0x000001bc2e845030, 0x000001bc2e845be0, 0x000001bc2e87a720,
0x000001bc2e87afe0, 0x000001bc2e87b990, 0x000001bc2e87c340, 0x000001bc2e880520,
0x000001bc2e880f10, 0x000001bc2e881900, 0x000001bc2ea0b7e0, 0x000001bc2ea0c8d0,
0x000001bc30391030, 0x000001bc2ffc4870, 0x000001bc30da58e0, 0x000001bc2fdb4930,
0x000001bc2fe25a30, 0x000001bc30c72240, 0x000001bc30c72710, 0x000001bc310f9570,
0x000001bc310f8230, 0x000001bc310f9a40, 0x000001bc310f8700, 0x000001bc310f73c0,
0x000001bc310f8bd0, 0x000001bc310f6080, 0x000001bc310f6550, 0x000001bc310f7890,
0x000001bc310f90a0, 0x000001bc310f6a20, 0x000001bc310f7d60, 0x000001bc310f6ef0,
0x000001bc2f5b0e70, 0x000001bc2f5b1340, 0x000001bc2f5b21b0, 0x000001bc32def7a0,
0x000001bc2f5ae320, 0x000001bc2f5ae7f0, 0x000001bc2f5b34f0, 0x000001bc2f5af660,
0x000001bc2f5b39c0, 0x000001bc2f5af190, 0x000001bc3409d560
}

Java Threads: ( => current thread )
  0x000001bc1790ee20 JavaThread "main" [_thread_blocked, id=16396, stack(0x00000053bb000000,0x00000053bb100000)]
  0x000001bc2e845030 JavaThread "Reference Handler" daemon [_thread_blocked, id=16832, stack(0x00000053bb700000,0x00000053bb800000)]
  0x000001bc2e845be0 JavaThread "Finalizer" daemon [_thread_blocked, id=14972, stack(0x00000053bb800000,0x00000053bb900000)]
  0x000001bc2e87a720 JavaThread "Signal Dispatcher" daemon [_thread_blocked, id=15928, stack(0x00000053bb900000,0x00000053bba00000)]
  0x000001bc2e87afe0 JavaThread "Attach Listener" daemon [_thread_blocked, id=12204, stack(0x00000053bba00000,0x00000053bbb00000)]
  0x000001bc2e87b990 JavaThread "Service Thread" daemon [_thread_blocked, id=12044, stack(0x00000053bbb00000,0x00000053bbc00000)]
  0x000001bc2e87c340 JavaThread "Monitor Deflation Thread" daemon [_thread_blocked, id=316, stack(0x00000053bbc00000,0x00000053bbd00000)]
  0x000001bc2e880520 JavaThread "C2 CompilerThread0" daemon [_thread_in_native, id=10652, stack(0x00000053bbd00000,0x00000053bbe00000)]
  0x000001bc2e880f10 JavaThread "C1 CompilerThread0" daemon [_thread_blocked, id=5396, stack(0x00000053bbe00000,0x00000053bbf00000)]
  0x000001bc2e881900 JavaThread "Sweeper thread" daemon [_thread_blocked, id=1924, stack(0x00000053bbf00000,0x00000053bc000000)]
  0x000001bc2ea0b7e0 JavaThread "Common-Cleaner" daemon [_thread_blocked, id=15724, stack(0x00000053bc000000,0x00000053bc100000)]
  0x000001bc2ea0c8d0 JavaThread "Notification Thread" daemon [_thread_blocked, id=7356, stack(0x00000053bc100000,0x00000053bc200000)]
  0x000001bc30391030 JavaThread "Daemon health stats" [_thread_blocked, id=16964, stack(0x00000053bca00000,0x00000053bcb00000)]
  0x000001bc2ffc4870 JavaThread "Incoming local TCP Connector on port 62879" [_thread_in_native, id=17912, stack(0x00000053bcb00000,0x00000053bcc00000)]
  0x000001bc30da58e0 JavaThread "Daemon periodic checks" [_thread_blocked, id=16616, stack(0x00000053bcc00000,0x00000053bcd00000)]
  0x000001bc2fdb4930 JavaThread "Daemon" [_thread_blocked, id=19744, stack(0x00000053bcd00000,0x00000053bce00000)]
  0x000001bc2fe25a30 JavaThread "Handler for socket connection from /127.0.0.1:62879 to /127.0.0.1:62880" [_thread_in_native, id=20436, stack(0x00000053bce00000,0x00000053bcf00000)]
  0x000001bc30c72240 JavaThread "Cancel handler" [_thread_blocked, id=15996, stack(0x00000053bcf00000,0x00000053bd000000)]
  0x000001bc30c72710 JavaThread "Daemon worker" [_thread_in_native, id=15552, stack(0x00000053bd000000,0x00000053bd100000)]
  0x000001bc310f9570 JavaThread "Asynchronous log dispatcher for DefaultDaemonConnection: socket connection from /127.0.0.1:62879 to /127.0.0.1:62880" [_thread_blocked, id=19376, stack(0x00000053bd100000,0x00000053bd200000)]
  0x000001bc310f8230 JavaThread "Stdin handler" [_thread_blocked, id=10136, stack(0x00000053bd200000,0x00000053bd300000)]
  0x000001bc310f9a40 JavaThread "Daemon client event forwarder" [_thread_blocked, id=14776, stack(0x00000053bd300000,0x00000053bd400000)]
  0x000001bc310f8700 JavaThread "Cache worker for journal cache (C:\Users\arthu\.gradle\caches\journal-1)" [_thread_blocked, id=15644, stack(0x00000053bd400000,0x00000053bd500000)]
  0x000001bc310f73c0 JavaThread "File lock request listener" [_thread_in_native, id=19116, stack(0x00000053bd500000,0x00000053bd600000)]
  0x000001bc310f8bd0 JavaThread "Cache worker for file hash cache (C:\Users\arthu\.gradle\caches\7.5\fileHashes)" [_thread_blocked, id=15308, stack(0x00000053bd900000,0x00000053bda00000)]
  0x000001bc310f6080 JavaThread "File watcher server" daemon [_thread_in_native, id=20288, stack(0x00000053bda00000,0x00000053bdb00000)]
  0x000001bc310f6550 JavaThread "File watcher consumer" daemon [_thread_blocked, id=18108, stack(0x00000053bdb00000,0x00000053bdc00000)]
  0x000001bc310f7890 JavaThread "jar transforms" [_thread_blocked, id=6364, stack(0x00000053bc300000,0x00000053bc400000)]
  0x000001bc310f90a0 JavaThread "jar transforms Thread 2" [_thread_blocked, id=16812, stack(0x00000053bc400000,0x00000053bc500000)]
  0x000001bc310f6a20 JavaThread "jar transforms Thread 3" [_thread_blocked, id=6532, stack(0x00000053bdc00000,0x00000053bdd00000)]
  0x000001bc310f7d60 JavaThread "jar transforms Thread 4" [_thread_blocked, id=19128, stack(0x00000053bdd00000,0x00000053bde00000)]
  0x000001bc310f6ef0 JavaThread "jar transforms Thread 5" [_thread_blocked, id=18208, stack(0x00000053bde00000,0x00000053bdf00000)]
  0x000001bc2f5b0e70 JavaThread "jar transforms Thread 6" [_thread_blocked, id=11676, stack(0x00000053bdf00000,0x00000053be000000)]
  0x000001bc2f5b1340 JavaThread "jar transforms Thread 7" [_thread_blocked, id=18136, stack(0x00000053be000000,0x00000053be100000)]
  0x000001bc2f5b21b0 JavaThread "jar transforms Thread 8" [_thread_blocked, id=9156, stack(0x00000053be100000,0x00000053be200000)]
  0x000001bc32def7a0 JavaThread "C2 CompilerThread1" daemon [_thread_in_native, id=5656, stack(0x00000053be200000,0x00000053be300000)]
  0x000001bc2f5ae320 JavaThread "Cache worker for checksums cache (G:\Android Studio\android-obd-reader-pires\.gradle\7.5\checksums)" [_thread_blocked, id=20424, stack(0x00000053be400000,0x00000053be500000)]
  0x000001bc2f5ae7f0 JavaThread "Cache worker for cache directory md-rule (C:\Users\arthu\.gradle\caches\7.5\md-rule)" [_thread_blocked, id=9528, stack(0x00000053be500000,0x00000053be600000)]
  0x000001bc2f5b34f0 JavaThread "Cache worker for file content cache (C:\Users\arthu\.gradle\caches\7.5\fileContent)" [_thread_blocked, id=4668, stack(0x00000053be600000,0x00000053be700000)]
  0x000001bc2f5af660 JavaThread "Cache worker for file hash cache (G:\Android Studio\android-obd-reader-pires\.gradle\7.5\fileHashes)" [_thread_blocked, id=19552, stack(0x00000053be300000,0x00000053be400000)]
  0x000001bc2f5b39c0 JavaThread "Cache worker for cache directory md-supplier (C:\Users\arthu\.gradle\caches\7.5\md-supplier)" [_thread_blocked, id=14488, stack(0x00000053be700000,0x00000053be800000)]
  0x000001bc2f5af190 JavaThread "Cache worker for execution history cache (C:\Users\arthu\.gradle\caches\7.5\executionHistory)" [_thread_blocked, id=9920, stack(0x00000053be800000,0x00000053be900000)]
=>0x000001bc3409d560 JavaThread "C2 CompilerThread2" daemon [_thread_in_native, id=8072, stack(0x00000053be900000,0x00000053bea00000)]

Other Threads:
  0x000001bc2de8e490 VMThread "VM Thread" [stack: 0x00000053bb600000,0x00000053bb700000] [id=16044]
  0x000001bc179498c0 WatcherThread [stack: 0x00000053bc200000,0x00000053bc300000] [id=9220]
  0x000001bc1793c4f0 GCTaskThread "GC Thread#0" [stack: 0x00000053bb100000,0x00000053bb200000] [id=3952]
  0x000001bc2f45ccf0 GCTaskThread "GC Thread#1" [stack: 0x00000053bc500000,0x00000053bc600000] [id=10104]
  0x000001bc2f997720 GCTaskThread "GC Thread#2" [stack: 0x00000053bc600000,0x00000053bc700000] [id=16600]
  0x000001bc2f9979d0 GCTaskThread "GC Thread#3" [stack: 0x00000053bc700000,0x00000053bc800000] [id=19976]
  0x000001bc2f191f00 GCTaskThread "GC Thread#4" [stack: 0x00000053bc800000,0x00000053bc900000] [id=13468]
  0x000001bc2ef4aee0 GCTaskThread "GC Thread#5" [stack: 0x00000053bc900000,0x00000053bca00000] [id=8864]
  0x000001bc315b6860 GCTaskThread "GC Thread#6" [stack: 0x00000053bd600000,0x00000053bd700000] [id=504]
  0x000001bc302a9de0 GCTaskThread "GC Thread#7" [stack: 0x00000053bd700000,0x00000053bd800000] [id=19112]
  0x000001bc17941430 ConcurrentGCThread "G1 Main Marker" [stack: 0x00000053bb200000,0x00000053bb300000] [id=19972]
  0x000001bc17942010 ConcurrentGCThread "G1 Conc#0" [stack: 0x00000053bb300000,0x00000053bb400000] [id=6284]
  0x000001bc315bfc90 ConcurrentGCThread "G1 Conc#1" [stack: 0x00000053bd800000,0x00000053bd900000] [id=19228]
  0x000001bc179dd8c0 ConcurrentGCThread "G1 Refine#0" [stack: 0x00000053bb400000,0x00000053bb500000] [id=19864]
  0x000001bc2dd15190 ConcurrentGCThread "G1 Service" [stack: 0x00000053bb500000,0x00000053bb600000] [id=18880]

Threads with active compile tasks:
C2 CompilerThread0    12666 4656       4       org.objectweb.asm.Frame::execute (2318 bytes)
C1 CompilerThread0    12666 4788       3       sun.security.provider.SHA2::implCompress0 (490 bytes)
C2 CompilerThread1    12666 4748   !   4       java.net.URLClassLoader::findClass (47 bytes)
C2 CompilerThread2    12666 4708       4       groovy.lang.MetaClassImpl$1MOPIter::methodNameAction (325 bytes)

VM state: not at safepoint (normal execution)

VM Mutex/Monitor currently owned by a thread: None

Heap address: 0x00000000e0000000, size: 512 MB, Compressed Oops mode: 32-bit

CDS archive(s) not mapped
Compressed class space mapped at: 0x0000000100000000-0x000000010d000000, reserved size: 218103808
Narrow klass base: 0x0000000000000000, Narrow klass shift: 3, Narrow klass range: 0x10d000000

GC Precious Log:
 CPUs: 8 total, 8 available
 Memory: 16259M
 Large Page Support: Disabled
 NUMA Support: Disabled
 Compressed Oops: Enabled (32-bit)
 Heap Region Size: 1M
 Heap Min Capacity: 256M
 Heap Initial Capacity: 256M
 Heap Max Capacity: 512M
 Pre-touch: Disabled
 Parallel Workers: 8
 Concurrent Workers: 2
 Concurrent Refinement Workers: 8
 Periodic GC: Disabled

Heap:
 garbage-first heap   total 262144K, used 173265K [0x00000000e0000000, 0x0000000100000000)
  region size 1024K, 123 young (125952K), 10 survivors (10240K)
 Metaspace       used 50492K, committed 50944K, reserved 262144K
  class space    used 6748K, committed 6976K, reserved 212992K

Heap Regions: E=young(eden), S=young(survivor), O=old, HS=humongous(starts), HC=humongous(continues), CS=collection set, F=free, OA=open archive, CA=closed archive, TAMS=top-at-mark-start (previous, next)
|   0|0x00000000e0000000, 0x00000000e0100000, 0x00000000e0100000|100%|HS|  |TAMS 0x00000000e0100000, 0x00000000e0000000| Complete 
|   1|0x00000000e0100000, 0x00000000e0200000, 0x00000000e0200000|100%| O|  |TAMS 0x00000000e0200000, 0x00000000e0100000| Untracked 
|   2|0x00000000e0200000, 0x00000000e0300000, 0x00000000e0300000|100%| O|  |TAMS 0x00000000e0300000, 0x00000000e0200000| Untracked 
|   3|0x00000000e0300000, 0x00000000e0400000, 0x00000000e0400000|100%|HS|  |TAMS 0x00000000e0400000, 0x00000000e0300000| Complete 
|   4|0x00000000e0400000, 0x00000000e0500000, 0x00000000e0500000|100%|HC|  |TAMS 0x00000000e0500000, 0x00000000e0400000| Complete 
|   5|0x00000000e0500000, 0x00000000e0600000, 0x00000000e0600000|100%|HC|  |TAMS 0x00000000e0600000, 0x00000000e0500000| Complete 
|   6|0x00000000e0600000, 0x00000000e0700000, 0x00000000e0700000|100%| O|  |TAMS 0x00000000e0700000, 0x00000000e0600000| Untracked 
|   7|0x00000000e0700000, 0x00000000e0800000, 0x00000000e0800000|100%| O|  |TAMS 0x00000000e0800000, 0x00000000e0700000| Untracked 
|   8|0x00000000e0800000, 0x00000000e0900000, 0x00000000e0900000|100%| O|  |TAMS 0x00000000e0900000, 0x00000000e0800000| Untracked 
|   9|0x00000000e0900000, 0x00000000e0a00000, 0x00000000e0a00000|100%| O|  |TAMS 0x00000000e0a00000, 0x00000000e0900000| Untracked 
|  10|0x00000000e0a00000, 0x00000000e0b00000, 0x00000000e0b00000|100%| O|  |TAMS 0x00000000e0b00000, 0x00000000e0a00000| Untracked 
|  11|0x00000000e0b00000, 0x00000000e0c00000, 0x00000000e0c00000|100%|HS|  |TAMS 0x00000000e0c00000, 0x00000000e0b00000| Complete 
|  12|0x00000000e0c00000, 0x00000000e0d00000, 0x00000000e0d00000|100%|HC|  |TAMS 0x00000000e0d00000, 0x00000000e0c00000| Complete 
|  13|0x00000000e0d00000, 0x00000000e0e00000, 0x00000000e0e00000|100%|HS|  |TAMS 0x00000000e0e00000, 0x00000000e0d00000| Complete 
|  14|0x00000000e0e00000, 0x00000000e0f00000, 0x00000000e0f00000|100%|HC|  |TAMS 0x00000000e0f00000, 0x00000000e0e00000| Complete 
|  15|0x00000000e0f00000, 0x00000000e1000000, 0x00000000e1000000|100%|HC|  |TAMS 0x00000000e1000000, 0x00000000e0f00000| Complete 
|  16|0x00000000e1000000, 0x00000000e1100000, 0x00000000e1100000|100%|HS|  |TAMS 0x00000000e1100000, 0x00000000e1000000| Complete 
|  17|0x00000000e1100000, 0x00000000e1200000, 0x00000000e1200000|100%|HC|  |TAMS 0x00000000e1200000, 0x00000000e1100000| Complete 
|  18|0x00000000e1200000, 0x00000000e1300000, 0x00000000e1300000|100%|HC|  |TAMS 0x00000000e1300000, 0x00000000e1200000| Complete 
|  19|0x00000000e1300000, 0x00000000e1400000, 0x00000000e1400000|100%|HS|  |TAMS 0x00000000e1400000, 0x00000000e1300000| Complete 
|  20|0x00000000e1400000, 0x00000000e1500000, 0x00000000e1500000|100%|HC|  |TAMS 0x00000000e1500000, 0x00000000e1400000| Complete 
|  21|0x00000000e1500000, 0x00000000e1600000, 0x00000000e1600000|100%|HS|  |TAMS 0x00000000e1600000, 0x00000000e1500000| Complete 
|  22|0x00000000e1600000, 0x00000000e1700000, 0x00000000e1700000|100%|HC|  |TAMS 0x00000000e1700000, 0x00000000e1600000| Complete 
|  23|0x00000000e1700000, 0x00000000e1800000, 0x00000000e1800000|100%|HC|  |TAMS 0x00000000e1800000, 0x00000000e1700000| Complete 
|  24|0x00000000e1800000, 0x00000000e1900000, 0x00000000e1900000|100%|HC|  |TAMS 0x00000000e1900000, 0x00000000e1800000| Complete 
|  25|0x00000000e1900000, 0x00000000e1a00000, 0x00000000e1a00000|100%|HC|  |TAMS 0x00000000e1a00000, 0x00000000e1900000| Complete 
|  26|0x00000000e1a00000, 0x00000000e1b00000, 0x00000000e1b00000|100%|HC|  |TAMS 0x00000000e1b00000, 0x00000000e1a00000| Complete 
|  27|0x00000000e1b00000, 0x00000000e1c00000, 0x00000000e1c00000|100%|HC|  |TAMS 0x00000000e1c00000, 0x00000000e1b00000| Complete 
|  28|0x00000000e1c00000, 0x00000000e1d00000, 0x00000000e1d00000|100%|HC|  |TAMS 0x00000000e1d00000, 0x00000000e1c00000| Complete 
|  29|0x00000000e1d00000, 0x00000000e1e00000, 0x00000000e1e00000|100%|HC|  |TAMS 0x00000000e1e00000, 0x00000000e1d00000| Complete 
|  30|0x00000000e1e00000, 0x00000000e1f00000, 0x00000000e1f00000|100%|HC|  |TAMS 0x00000000e1f00000, 0x00000000e1e00000| Complete 
|  31|0x00000000e1f00000, 0x00000000e2000000, 0x00000000e2000000|100%|HS|  |TAMS 0x00000000e2000000, 0x00000000e1f00000| Complete 
|  32|0x00000000e2000000, 0x00000000e2100000, 0x00000000e2100000|100%|HC|  |TAMS 0x00000000e2100000, 0x00000000e2000000| Complete 
|  33|0x00000000e2100000, 0x00000000e2200000, 0x00000000e2200000|100%|HS|  |TAMS 0x00000000e2200000, 0x00000000e2100000| Complete 
|  34|0x00000000e2200000, 0x00000000e2300000, 0x00000000e2300000|100%|HC|  |TAMS 0x00000000e2300000, 0x00000000e2200000| Complete 
|  35|0x00000000e2300000, 0x00000000e2400000, 0x00000000e2400000|100%|HC|  |TAMS 0x00000000e2400000, 0x00000000e2300000| Complete 
|  36|0x00000000e2400000, 0x00000000e2500000, 0x00000000e2500000|100%|HC|  |TAMS 0x00000000e2500000, 0x00000000e2400000| Complete 
|  37|0x00000000e2500000, 0x00000000e2600000, 0x00000000e2600000|100%|HC|  |TAMS 0x00000000e2600000, 0x00000000e2500000| Complete 
|  38|0x00000000e2600000, 0x00000000e2700000, 0x00000000e2700000|100%|HC|  |TAMS 0x00000000e2700000, 0x00000000e2600000| Complete 
|  39|0x00000000e2700000, 0x00000000e2800000, 0x00000000e2800000|100%| O|  |TAMS 0x00000000e2800000, 0x00000000e2700000| Untracked 
|  40|0x00000000e2800000, 0x00000000e2900000, 0x00000000e2900000|100%| O|  |TAMS 0x00000000e2900000, 0x00000000e2800000| Untracked 
|  41|0x00000000e2900000, 0x00000000e2a00000, 0x00000000e2a00000|100%| O|  |TAMS 0x00000000e2a00000, 0x00000000e2900000| Untracked 
|  42|0x00000000e2a00000, 0x00000000e2b00000, 0x00000000e2b00000|100%| O|  |TAMS 0x00000000e2a4f000, 0x00000000e2a00000| Untracked 
|  43|0x00000000e2b00000, 0x00000000e2c00000, 0x00000000e2c00000|100%| O|  |TAMS 0x00000000e2b00000, 0x00000000e2b00000| Untracked 
|  44|0x00000000e2c00000, 0x00000000e2d00000, 0x00000000e2d00000|100%| O|  |TAMS 0x00000000e2c00000, 0x00000000e2c00000| Untracked 
|  45|0x00000000e2d00000, 0x00000000e2e00000, 0x00000000e2e00000|100%| O|  |TAMS 0x00000000e2d00000, 0x00000000e2d00000| Untracked 
|  46|0x00000000e2e00000, 0x00000000e2e09400, 0x00000000e2f00000|  3%| O|  |TAMS 0x00000000e2e00000, 0x00000000e2e00000| Untracked 
|  47|0x00000000e2f00000, 0x00000000e3000000, 0x00000000e3000000|100%|HS|  |TAMS 0x00000000e2f00000, 0x00000000e2f00000| Complete 
|  48|0x00000000e3000000, 0x00000000e3100000, 0x00000000e3100000|100%|HS|  |TAMS 0x00000000e3000000, 0x00000000e3000000| Complete 
|  49|0x00000000e3100000, 0x00000000e3200000, 0x00000000e3200000|100%|HC|  |TAMS 0x00000000e3100000, 0x00000000e3100000| Complete 
|  50|0x00000000e3200000, 0x00000000e3200000, 0x00000000e3300000|  0%| F|  |TAMS 0x00000000e3200000, 0x00000000e3200000| Untracked 
|  51|0x00000000e3300000, 0x00000000e3300000, 0x00000000e3400000|  0%| F|  |TAMS 0x00000000e3300000, 0x00000000e3300000| Untracked 
|  52|0x00000000e3400000, 0x00000000e3400000, 0x00000000e3500000|  0%| F|  |TAMS 0x00000000e3400000, 0x00000000e3400000| Untracked 
|  53|0x00000000e3500000, 0x00000000e3500000, 0x00000000e3600000|  0%| F|  |TAMS 0x00000000e3500000, 0x00000000e3500000| Untracked 
|  54|0x00000000e3600000, 0x00000000e3600000, 0x00000000e3700000|  0%| F|  |TAMS 0x00000000e3600000, 0x00000000e3600000| Untracked 
|  55|0x00000000e3700000, 0x00000000e3700000, 0x00000000e3800000|  0%| F|  |TAMS 0x00000000e3700000, 0x00000000e3700000| Untracked 
|  56|0x00000000e3800000, 0x00000000e3800000, 0x00000000e3900000|  0%| F|  |TAMS 0x00000000e3800000, 0x00000000e3800000| Untracked 
|  57|0x00000000e3900000, 0x00000000e3900000, 0x00000000e3a00000|  0%| F|  |TAMS 0x00000000e3900000, 0x00000000e3900000| Untracked 
|  58|0x00000000e3a00000, 0x00000000e3a00000, 0x00000000e3b00000|  0%| F|  |TAMS 0x00000000e3a00000, 0x00000000e3a00000| Untracked 
|  59|0x00000000e3b00000, 0x00000000e3b00000, 0x00000000e3c00000|  0%| F|  |TAMS 0x00000000e3b00000, 0x00000000e3b00000| Untracked 
|  60|0x00000000e3c00000, 0x00000000e3c00000, 0x00000000e3d00000|  0%| F|  |TAMS 0x00000000e3c00000, 0x00000000e3c00000| Untracked 
|  61|0x00000000e3d00000, 0x00000000e3d00000, 0x00000000e3e00000|  0%| F|  |TAMS 0x00000000e3d00000, 0x00000000e3d00000| Untracked 
|  62|0x00000000e3e00000, 0x00000000e3e00000, 0x00000000e3f00000|  0%| F|  |TAMS 0x00000000e3e00000, 0x00000000e3e00000| Untracked 
|  63|0x00000000e3f00000, 0x00000000e3f00000, 0x00000000e4000000|  0%| F|  |TAMS 0x00000000e3f00000, 0x00000000e3f00000| Untracked 
|  64|0x00000000e4000000, 0x00000000e4000000, 0x00000000e4100000|  0%| F|  |TAMS 0x00000000e4000000, 0x00000000e4000000| Untracked 
|  65|0x00000000e4100000, 0x00000000e4100000, 0x00000000e4200000|  0%| F|  |TAMS 0x00000000e4100000, 0x00000000e4100000| Untracked 
|  66|0x00000000e4200000, 0x00000000e4200000, 0x00000000e4300000|  0%| F|  |TAMS 0x00000000e4200000, 0x00000000e4200000| Untracked 
|  67|0x00000000e4300000, 0x00000000e4300000, 0x00000000e4400000|  0%| F|  |TAMS 0x00000000e4300000, 0x00000000e4300000| Untracked 
|  68|0x00000000e4400000, 0x00000000e4400000, 0x00000000e4500000|  0%| F|  |TAMS 0x00000000e4400000, 0x00000000e4400000| Untracked 
|  69|0x00000000e4500000, 0x00000000e4500000, 0x00000000e4600000|  0%| F|  |TAMS 0x00000000e4500000, 0x00000000e4500000| Untracked 
|  70|0x00000000e4600000, 0x00000000e4600000, 0x00000000e4700000|  0%| F|  |TAMS 0x00000000e4600000, 0x00000000e4600000| Untracked 
|  71|0x00000000e4700000, 0x00000000e4700000, 0x00000000e4800000|  0%| F|  |TAMS 0x00000000e4700000, 0x00000000e4700000| Untracked 
|  72|0x00000000e4800000, 0x00000000e4800000, 0x00000000e4900000|  0%| F|  |TAMS 0x00000000e4800000, 0x00000000e4800000| Untracked 
|  73|0x00000000e4900000, 0x00000000e4900000, 0x00000000e4a00000|  0%| F|  |TAMS 0x00000000e4900000, 0x00000000e4900000| Untracked 
|  74|0x00000000e4a00000, 0x00000000e4a00000, 0x00000000e4b00000|  0%| F|  |TAMS 0x00000000e4a00000, 0x00000000e4a00000| Untracked 
|  75|0x00000000e4b00000, 0x00000000e4b00000, 0x00000000e4c00000|  0%| F|  |TAMS 0x00000000e4b00000, 0x00000000e4b00000| Untracked 
|  76|0x00000000e4c00000, 0x00000000e4c00000, 0x00000000e4d00000|  0%| F|  |TAMS 0x00000000e4c00000, 0x00000000e4c00000| Untracked 
|  77|0x00000000e4d00000, 0x00000000e4d00000, 0x00000000e4e00000|  0%| F|  |TAMS 0x00000000e4d00000, 0x00000000e4d00000| Untracked 
|  78|0x00000000e4e00000, 0x00000000e4e00000, 0x00000000e4f00000|  0%| F|  |TAMS 0x00000000e4e00000, 0x00000000e4e00000| Untracked 
|  79|0x00000000e4f00000, 0x00000000e4f00000, 0x00000000e5000000|  0%| F|  |TAMS 0x00000000e4f00000, 0x00000000e4f00000| Untracked 
|  80|0x00000000e5000000, 0x00000000e5000000, 0x00000000e5100000|  0%| F|  |TAMS 0x00000000e5000000, 0x00000000e5000000| Untracked 
|  81|0x00000000e5100000, 0x00000000e5100000, 0x00000000e5200000|  0%| F|  |TAMS 0x00000000e5100000, 0x00000000e5100000| Untracked 
|  82|0x00000000e5200000, 0x00000000e5200000, 0x00000000e5300000|  0%| F|  |TAMS 0x00000000e5200000, 0x00000000e5200000| Untracked 
|  83|0x00000000e5300000, 0x00000000e5300000, 0x00000000e5400000|  0%| F|  |TAMS 0x00000000e5300000, 0x00000000e5300000| Untracked 
|  84|0x00000000e5400000, 0x00000000e5400000, 0x00000000e5500000|  0%| F|  |TAMS 0x00000000e5400000, 0x00000000e5400000| Untracked 
|  85|0x00000000e5500000, 0x00000000e5500000, 0x00000000e5600000|  0%| F|  |TAMS 0x00000000e5500000, 0x00000000e5500000| Untracked 
|  86|0x00000000e5600000, 0x00000000e5600000, 0x00000000e5700000|  0%| F|  |TAMS 0x00000000e5600000, 0x00000000e5600000| Untracked 
|  87|0x00000000e5700000, 0x00000000e5700000, 0x00000000e5800000|  0%| F|  |TAMS 0x00000000e5700000, 0x00000000e5700000| Untracked 
|  88|0x00000000e5800000, 0x00000000e5800000, 0x00000000e5900000|  0%| F|  |TAMS 0x00000000e5800000, 0x00000000e5800000| Untracked 
|  89|0x00000000e5900000, 0x00000000e5900000, 0x00000000e5a00000|  0%| F|  |TAMS 0x00000000e5900000, 0x00000000e5900000| Untracked 
|  90|0x00000000e5a00000, 0x00000000e5a00000, 0x00000000e5b00000|  0%| F|  |TAMS 0x00000000e5a00000, 0x00000000e5a00000| Untracked 
|  91|0x00000000e5b00000, 0x00000000e5b00000, 0x00000000e5c00000|  0%| F|  |TAMS 0x00000000e5b00000, 0x00000000e5b00000| Untracked 
|  92|0x00000000e5c00000, 0x00000000e5c00000, 0x00000000e5d00000|  0%| F|  |TAMS 0x00000000e5c00000, 0x00000000e5c00000| Untracked 
|  93|0x00000000e5d00000, 0x00000000e5d00000, 0x00000000e5e00000|  0%| F|  |TAMS 0x00000000e5d00000, 0x00000000e5d00000| Untracked 
|  94|0x00000000e5e00000, 0x00000000e5e00000, 0x00000000e5f00000|  0%| F|  |TAMS 0x00000000e5e00000, 0x00000000e5e00000| Untracked 
|  95|0x00000000e5f00000, 0x00000000e5f00000, 0x00000000e6000000|  0%| F|  |TAMS 0x00000000e5f00000, 0x00000000e5f00000| Untracked 
|  96|0x00000000e6000000, 0x00000000e6000000, 0x00000000e6100000|  0%| F|  |TAMS 0x00000000e6000000, 0x00000000e6000000| Untracked 
|  97|0x00000000e6100000, 0x00000000e6100000, 0x00000000e6200000|  0%| F|  |TAMS 0x00000000e6100000, 0x00000000e6100000| Untracked 
|  98|0x00000000e6200000, 0x00000000e6200000, 0x00000000e6300000|  0%| F|  |TAMS 0x00000000e6200000, 0x00000000e6200000| Untracked 
|  99|0x00000000e6300000, 0x00000000e6300000, 0x00000000e6400000|  0%| F|  |TAMS 0x00000000e6300000, 0x00000000e6300000| Untracked 
| 100|0x00000000e6400000, 0x00000000e6400000, 0x00000000e6500000|  0%| F|  |TAMS 0x00000000e6400000, 0x00000000e6400000| Untracked 
| 101|0x00000000e6500000, 0x00000000e6500000, 0x00000000e6600000|  0%| F|  |TAMS 0x00000000e6500000, 0x00000000e6500000| Untracked 
| 102|0x00000000e6600000, 0x00000000e6600000, 0x00000000e6700000|  0%| F|  |TAMS 0x00000000e6600000, 0x00000000e6600000| Untracked 
| 103|0x00000000e6700000, 0x00000000e6700000, 0x00000000e6800000|  0%| F|  |TAMS 0x00000000e6700000, 0x00000000e6700000| Untracked 
| 104|0x00000000e6800000, 0x00000000e6800000, 0x00000000e6900000|  0%| F|  |TAMS 0x00000000e6800000, 0x00000000e6800000| Untracked 
| 105|0x00000000e6900000, 0x00000000e6900000, 0x00000000e6a00000|  0%| F|  |TAMS 0x00000000e6900000, 0x00000000e6900000| Untracked 
| 106|0x00000000e6a00000, 0x00000000e6a00000, 0x00000000e6b00000|  0%| F|  |TAMS 0x00000000e6a00000, 0x00000000e6a00000| Untracked 
| 107|0x00000000e6b00000, 0x00000000e6b00000, 0x00000000e6c00000|  0%| F|  |TAMS 0x00000000e6b00000, 0x00000000e6b00000| Untracked 
| 108|0x00000000e6c00000, 0x00000000e6c00000, 0x00000000e6d00000|  0%| F|  |TAMS 0x00000000e6c00000, 0x00000000e6c00000| Untracked 
| 109|0x00000000e6d00000, 0x00000000e6d00000, 0x00000000e6e00000|  0%| F|  |TAMS 0x00000000e6d00000, 0x00000000e6d00000| Untracked 
| 110|0x00000000e6e00000, 0x00000000e6e00000, 0x00000000e6f00000|  0%| F|  |TAMS 0x00000000e6e00000, 0x00000000e6e00000| Untracked 
| 111|0x00000000e6f00000, 0x00000000e6f00000, 0x00000000e7000000|  0%| F|  |TAMS 0x00000000e6f00000, 0x00000000e6f00000| Untracked 
| 112|0x00000000e7000000, 0x00000000e7000000, 0x00000000e7100000|  0%| F|  |TAMS 0x00000000e7000000, 0x00000000e7000000| Untracked 
| 113|0x00000000e7100000, 0x00000000e7100000, 0x00000000e7200000|  0%| F|  |TAMS 0x00000000e7100000, 0x00000000e7100000| Untracked 
| 114|0x00000000e7200000, 0x00000000e7200000, 0x00000000e7300000|  0%| F|  |TAMS 0x00000000e7200000, 0x00000000e7200000| Untracked 
| 115|0x00000000e7300000, 0x00000000e7300000, 0x00000000e7400000|  0%| F|  |TAMS 0x00000000e7300000, 0x00000000e7300000| Untracked 
| 116|0x00000000e7400000, 0x00000000e7400000, 0x00000000e7500000|  0%| F|  |TAMS 0x00000000e7400000, 0x00000000e7400000| Untracked 
| 117|0x00000000e7500000, 0x00000000e7500000, 0x00000000e7600000|  0%| F|  |TAMS 0x00000000e7500000, 0x00000000e7500000| Untracked 
| 118|0x00000000e7600000, 0x00000000e7600000, 0x00000000e7700000|  0%| F|  |TAMS 0x00000000e7600000, 0x00000000e7600000| Untracked 
| 119|0x00000000e7700000, 0x00000000e7700000, 0x00000000e7800000|  0%| F|  |TAMS 0x00000000e7700000, 0x00000000e7700000| Untracked 
| 120|0x00000000e7800000, 0x00000000e7800000, 0x00000000e7900000|  0%| F|  |TAMS 0x00000000e7800000, 0x00000000e7800000| Untracked 
| 121|0x00000000e7900000, 0x00000000e7900000, 0x00000000e7a00000|  0%| F|  |TAMS 0x00000000e7900000, 0x00000000e7900000| Untracked 
| 122|0x00000000e7a00000, 0x00000000e7a00000, 0x00000000e7b00000|  0%| F|  |TAMS 0x00000000e7a00000, 0x00000000e7a00000| Untracked 
| 123|0x00000000e7b00000, 0x00000000e7b00000, 0x00000000e7c00000|  0%| F|  |TAMS 0x00000000e7b00000, 0x00000000e7b00000| Untracked 
| 124|0x00000000e7c00000, 0x00000000e7c00000, 0x00000000e7d00000|  0%| F|  |TAMS 0x00000000e7c00000, 0x00000000e7c00000| Untracked 
| 125|0x00000000e7d00000, 0x00000000e7d00000, 0x00000000e7e00000|  0%| F|  |TAMS 0x00000000e7d00000, 0x00000000e7d00000| Untracked 
| 126|0x00000000e7e00000, 0x00000000e7e00000, 0x00000000e7f00000|  0%| F|  |TAMS 0x00000000e7e00000, 0x00000000e7e00000| Untracked 
| 127|0x00000000e7f00000, 0x00000000e7f00000, 0x00000000e8000000|  0%| F|  |TAMS 0x00000000e7f00000, 0x00000000e7f00000| Untracked 
| 128|0x00000000e8000000, 0x00000000e8000000, 0x00000000e8100000|  0%| F|  |TAMS 0x00000000e8000000, 0x00000000e8000000| Untracked 
| 129|0x00000000e8100000, 0x00000000e8100000, 0x00000000e8200000|  0%| F|  |TAMS 0x00000000e8100000, 0x00000000e8100000| Untracked 
| 130|0x00000000e8200000, 0x00000000e8200000, 0x00000000e8300000|  0%| F|  |TAMS 0x00000000e8200000, 0x00000000e8200000| Untracked 
| 131|0x00000000e8300000, 0x00000000e8300000, 0x00000000e8400000|  0%| F|  |TAMS 0x00000000e8300000, 0x00000000e8300000| Untracked 
| 132|0x00000000e8400000, 0x00000000e8480800, 0x00000000e8500000| 50%| E|  |TAMS 0x00000000e8400000, 0x00000000e8400000| Complete 
| 133|0x00000000e8500000, 0x00000000e8600000, 0x00000000e8600000|100%| E|CS|TAMS 0x00000000e8500000, 0x00000000e8500000| Complete 
| 134|0x00000000e8600000, 0x00000000e8700000, 0x00000000e8700000|100%| E|CS|TAMS 0x00000000e8600000, 0x00000000e8600000| Complete 
| 135|0x00000000e8700000, 0x00000000e8800000, 0x00000000e8800000|100%| E|CS|TAMS 0x00000000e8700000, 0x00000000e8700000| Complete 
| 136|0x00000000e8800000, 0x00000000e8900000, 0x00000000e8900000|100%| E|CS|TAMS 0x00000000e8800000, 0x00000000e8800000| Complete 
| 137|0x00000000e8900000, 0x00000000e8a00000, 0x00000000e8a00000|100%| E|CS|TAMS 0x00000000e8900000, 0x00000000e8900000| Complete 
| 138|0x00000000e8a00000, 0x00000000e8b00000, 0x00000000e8b00000|100%| E|CS|TAMS 0x00000000e8a00000, 0x00000000e8a00000| Complete 
| 139|0x00000000e8b00000, 0x00000000e8c00000, 0x00000000e8c00000|100%| E|CS|TAMS 0x00000000e8b00000, 0x00000000e8b00000| Complete 
| 140|0x00000000e8c00000, 0x00000000e8d00000, 0x00000000e8d00000|100%| E|CS|TAMS 0x00000000e8c00000, 0x00000000e8c00000| Complete 
| 141|0x00000000e8d00000, 0x00000000e8e00000, 0x00000000e8e00000|100%| E|CS|TAMS 0x00000000e8d00000, 0x00000000e8d00000| Complete 
| 142|0x00000000e8e00000, 0x00000000e8f00000, 0x00000000e8f00000|100%| E|CS|TAMS 0x00000000e8e00000, 0x00000000e8e00000| Complete 
| 143|0x00000000e8f00000, 0x00000000e9000000, 0x00000000e9000000|100%| E|CS|TAMS 0x00000000e8f00000, 0x00000000e8f00000| Complete 
| 144|0x00000000e9000000, 0x00000000e9100000, 0x00000000e9100000|100%| E|CS|TAMS 0x00000000e9000000, 0x00000000e9000000| Complete 
| 145|0x00000000e9100000, 0x00000000e9200000, 0x00000000e9200000|100%| E|CS|TAMS 0x00000000e9100000, 0x00000000e9100000| Complete 
| 146|0x00000000e9200000, 0x00000000e9300000, 0x00000000e9300000|100%| E|CS|TAMS 0x00000000e9200000, 0x00000000e9200000| Complete 
| 147|0x00000000e9300000, 0x00000000e9400000, 0x00000000e9400000|100%| E|CS|TAMS 0x00000000e9300000, 0x00000000e9300000| Complete 
| 148|0x00000000e9400000, 0x00000000e9500000, 0x00000000e9500000|100%| E|CS|TAMS 0x00000000e9400000, 0x00000000e9400000| Complete 
| 149|0x00000000e9500000, 0x00000000e9600000, 0x00000000e9600000|100%| E|CS|TAMS 0x00000000e9500000, 0x00000000e9500000| Complete 
| 150|0x00000000e9600000, 0x00000000e9700000, 0x00000000e9700000|100%| E|CS|TAMS 0x00000000e9600000, 0x00000000e9600000| Complete 
| 151|0x00000000e9700000, 0x00000000e9800000, 0x00000000e9800000|100%| E|CS|TAMS 0x00000000e9700000, 0x00000000e9700000| Complete 
| 152|0x00000000e9800000, 0x00000000e9900000, 0x00000000e9900000|100%| E|CS|TAMS 0x00000000e9800000, 0x00000000e9800000| Complete 
| 153|0x00000000e9900000, 0x00000000e9a00000, 0x00000000e9a00000|100%| E|CS|TAMS 0x00000000e9900000, 0x00000000e9900000| Complete 
| 154|0x00000000e9a00000, 0x00000000e9b00000, 0x00000000e9b00000|100%| E|CS|TAMS 0x00000000e9a00000, 0x00000000e9a00000| Complete 
| 155|0x00000000e9b00000, 0x00000000e9c00000, 0x00000000e9c00000|100%| E|CS|TAMS 0x00000000e9b00000, 0x00000000e9b00000| Complete 
| 156|0x00000000e9c00000, 0x00000000e9d00000, 0x00000000e9d00000|100%| E|CS|TAMS 0x00000000e9c00000, 0x00000000e9c00000| Complete 
| 157|0x00000000e9d00000, 0x00000000e9e00000, 0x00000000e9e00000|100%| E|CS|TAMS 0x00000000e9d00000, 0x00000000e9d00000| Complete 
| 158|0x00000000e9e00000, 0x00000000e9f00000, 0x00000000e9f00000|100%| E|  |TAMS 0x00000000e9e00000, 0x00000000e9e00000| Complete 
| 159|0x00000000e9f00000, 0x00000000ea000000, 0x00000000ea000000|100%| E|CS|TAMS 0x00000000e9f00000, 0x00000000e9f00000| Complete 
| 160|0x00000000ea000000, 0x00000000ea100000, 0x00000000ea100000|100%| E|CS|TAMS 0x00000000ea000000, 0x00000000ea000000| Complete 
| 161|0x00000000ea100000, 0x00000000ea200000, 0x00000000ea200000|100%| E|CS|TAMS 0x00000000ea100000, 0x00000000ea100000| Complete 
| 162|0x00000000ea200000, 0x00000000ea300000, 0x00000000ea300000|100%| E|CS|TAMS 0x00000000ea200000, 0x00000000ea200000| Complete 
| 163|0x00000000ea300000, 0x00000000ea400000, 0x00000000ea400000|100%| E|CS|TAMS 0x00000000ea300000, 0x00000000ea300000| Complete 
| 164|0x00000000ea400000, 0x00000000ea500000, 0x00000000ea500000|100%| E|CS|TAMS 0x00000000ea400000, 0x00000000ea400000| Complete 
| 165|0x00000000ea500000, 0x00000000ea600000, 0x00000000ea600000|100%| E|CS|TAMS 0x00000000ea500000, 0x00000000ea500000| Complete 
| 166|0x00000000ea600000, 0x00000000ea700000, 0x00000000ea700000|100%| E|CS|TAMS 0x00000000ea600000, 0x00000000ea600000| Complete 
| 167|0x00000000ea700000, 0x00000000ea800000, 0x00000000ea800000|100%| E|CS|TAMS 0x00000000ea700000, 0x00000000ea700000| Complete 
| 168|0x00000000ea800000, 0x00000000ea900000, 0x00000000ea900000|100%| E|CS|TAMS 0x00000000ea800000, 0x00000000ea800000| Complete 
| 169|0x00000000ea900000, 0x00000000eaa00000, 0x00000000eaa00000|100%| E|CS|TAMS 0x00000000ea900000, 0x00000000ea900000| Complete 
| 170|0x00000000eaa00000, 0x00000000eab00000, 0x00000000eab00000|100%| E|CS|TAMS 0x00000000eaa00000, 0x00000000eaa00000| Complete 
| 171|0x00000000eab00000, 0x00000000eac00000, 0x00000000eac00000|100%| E|CS|TAMS 0x00000000eab00000, 0x00000000eab00000| Complete 
| 172|0x00000000eac00000, 0x00000000ead00000, 0x00000000ead00000|100%| E|CS|TAMS 0x00000000eac00000, 0x00000000eac00000| Complete 
| 173|0x00000000ead00000, 0x00000000eae00000, 0x00000000eae00000|100%| E|CS|TAMS 0x00000000ead00000, 0x00000000ead00000| Complete 
| 174|0x00000000eae00000, 0x00000000eaf00000, 0x00000000eaf00000|100%| E|CS|TAMS 0x00000000eae00000, 0x00000000eae00000| Complete 
| 175|0x00000000eaf00000, 0x00000000eb000000, 0x00000000eb000000|100%| E|CS|TAMS 0x00000000eaf00000, 0x00000000eaf00000| Complete 
| 176|0x00000000eb000000, 0x00000000eb100000, 0x00000000eb100000|100%| E|CS|TAMS 0x00000000eb000000, 0x00000000eb000000| Complete 
| 177|0x00000000eb100000, 0x00000000eb200000, 0x00000000eb200000|100%| E|CS|TAMS 0x00000000eb100000, 0x00000000eb100000| Complete 
| 178|0x00000000eb200000, 0x00000000eb300000, 0x00000000eb300000|100%| E|CS|TAMS 0x00000000eb200000, 0x00000000eb200000| Complete 
| 179|0x00000000eb300000, 0x00000000eb400000, 0x00000000eb400000|100%| E|CS|TAMS 0x00000000eb300000, 0x00000000eb300000| Complete 
| 180|0x00000000eb400000, 0x00000000eb500000, 0x00000000eb500000|100%| E|CS|TAMS 0x00000000eb400000, 0x00000000eb400000| Complete 
| 181|0x00000000eb500000, 0x00000000eb600000, 0x00000000eb600000|100%| E|CS|TAMS 0x00000000eb500000, 0x00000000eb500000| Complete 
| 182|0x00000000eb600000, 0x00000000eb700000, 0x00000000eb700000|100%| E|CS|TAMS 0x00000000eb600000, 0x00000000eb600000| Complete 
| 183|0x00000000eb700000, 0x00000000eb800000, 0x00000000eb800000|100%| E|CS|TAMS 0x00000000eb700000, 0x00000000eb700000| Complete 
| 184|0x00000000eb800000, 0x00000000eb900000, 0x00000000eb900000|100%| E|CS|TAMS 0x00000000eb800000, 0x00000000eb800000| Complete 
| 185|0x00000000eb900000, 0x00000000eba00000, 0x00000000eba00000|100%| E|CS|TAMS 0x00000000eb900000, 0x00000000eb900000| Complete 
| 186|0x00000000eba00000, 0x00000000ebb00000, 0x00000000ebb00000|100%| E|CS|TAMS 0x00000000eba00000, 0x00000000eba00000| Complete 
| 187|0x00000000ebb00000, 0x00000000ebc00000, 0x00000000ebc00000|100%| E|CS|TAMS 0x00000000ebb00000, 0x00000000ebb00000| Complete 
| 188|0x00000000ebc00000, 0x00000000ebd00000, 0x00000000ebd00000|100%| E|CS|TAMS 0x00000000ebc00000, 0x00000000ebc00000| Complete 
| 189|0x00000000ebd00000, 0x00000000ebe00000, 0x00000000ebe00000|100%| E|CS|TAMS 0x00000000ebd00000, 0x00000000ebd00000| Complete 
| 190|0x00000000ebe00000, 0x00000000ebf00000, 0x00000000ebf00000|100%| E|CS|TAMS 0x00000000ebe00000, 0x00000000ebe00000| Complete 
| 191|0x00000000ebf00000, 0x00000000ec000000, 0x00000000ec000000|100%| E|CS|TAMS 0x00000000ebf00000, 0x00000000ebf00000| Complete 
| 192|0x00000000ec000000, 0x00000000ec100000, 0x00000000ec100000|100%| E|CS|TAMS 0x00000000ec000000, 0x00000000ec000000| Complete 
| 193|0x00000000ec100000, 0x00000000ec200000, 0x00000000ec200000|100%| E|CS|TAMS 0x00000000ec100000, 0x00000000ec100000| Complete 
| 194|0x00000000ec200000, 0x00000000ec300000, 0x00000000ec300000|100%| E|CS|TAMS 0x00000000ec200000, 0x00000000ec200000| Complete 
| 195|0x00000000ec300000, 0x00000000ec400000, 0x00000000ec400000|100%| E|CS|TAMS 0x00000000ec300000, 0x00000000ec300000| Complete 
| 196|0x00000000ec400000, 0x00000000ec500000, 0x00000000ec500000|100%| E|CS|TAMS 0x00000000ec400000, 0x00000000ec400000| Complete 
| 197|0x00000000ec500000, 0x00000000ec600000, 0x00000000ec600000|100%| E|CS|TAMS 0x00000000ec500000, 0x00000000ec500000| Complete 
| 198|0x00000000ec600000, 0x00000000ec700000, 0x00000000ec700000|100%| E|CS|TAMS 0x00000000ec600000, 0x00000000ec600000| Complete 
| 199|0x00000000ec700000, 0x00000000ec800000, 0x00000000ec800000|100%| E|CS|TAMS 0x00000000ec700000, 0x00000000ec700000| Complete 
| 200|0x00000000ec800000, 0x00000000ec900000, 0x00000000ec900000|100%| E|CS|TAMS 0x00000000ec800000, 0x00000000ec800000| Complete 
| 201|0x00000000ec900000, 0x00000000eca00000, 0x00000000eca00000|100%| E|CS|TAMS 0x00000000ec900000, 0x00000000ec900000| Complete 
| 202|0x00000000eca00000, 0x00000000ecb00000, 0x00000000ecb00000|100%| E|CS|TAMS 0x00000000eca00000, 0x00000000eca00000| Complete 
| 203|0x00000000ecb00000, 0x00000000ecc00000, 0x00000000ecc00000|100%| E|CS|TAMS 0x00000000ecb00000, 0x00000000ecb00000| Complete 
| 204|0x00000000ecc00000, 0x00000000ecd00000, 0x00000000ecd00000|100%| E|CS|TAMS 0x00000000ecc00000, 0x00000000ecc00000| Complete 
| 205|0x00000000ecd00000, 0x00000000ece00000, 0x00000000ece00000|100%| E|CS|TAMS 0x00000000ecd00000, 0x00000000ecd00000| Complete 
| 206|0x00000000ece00000, 0x00000000ecf00000, 0x00000000ecf00000|100%| E|CS|TAMS 0x00000000ece00000, 0x00000000ece00000| Complete 
| 207|0x00000000ecf00000, 0x00000000ed000000, 0x00000000ed000000|100%| E|CS|TAMS 0x00000000ecf00000, 0x00000000ecf00000| Complete 
| 208|0x00000000ed000000, 0x00000000ed100000, 0x00000000ed100000|100%| E|CS|TAMS 0x00000000ed000000, 0x00000000ed000000| Complete 
| 209|0x00000000ed100000, 0x00000000ed200000, 0x00000000ed200000|100%| E|CS|TAMS 0x00000000ed100000, 0x00000000ed100000| Complete 
| 210|0x00000000ed200000, 0x00000000ed300000, 0x00000000ed300000|100%| E|CS|TAMS 0x00000000ed200000, 0x00000000ed200000| Complete 
| 211|0x00000000ed300000, 0x00000000ed400000, 0x00000000ed400000|100%| E|CS|TAMS 0x00000000ed300000, 0x00000000ed300000| Complete 
| 212|0x00000000ed400000, 0x00000000ed500000, 0x00000000ed500000|100%| E|CS|TAMS 0x00000000ed400000, 0x00000000ed400000| Complete 
| 213|0x00000000ed500000, 0x00000000ed600000, 0x00000000ed600000|100%| E|CS|TAMS 0x00000000ed500000, 0x00000000ed500000| Complete 
| 214|0x00000000ed600000, 0x00000000ed700000, 0x00000000ed700000|100%| E|CS|TAMS 0x00000000ed600000, 0x00000000ed600000| Complete 
| 215|0x00000000ed700000, 0x00000000ed800000, 0x00000000ed800000|100%| E|CS|TAMS 0x00000000ed700000, 0x00000000ed700000| Complete 
| 216|0x00000000ed800000, 0x00000000ed900000, 0x00000000ed900000|100%| E|CS|TAMS 0x00000000ed800000, 0x00000000ed800000| Complete 
| 217|0x00000000ed900000, 0x00000000eda00000, 0x00000000eda00000|100%| E|CS|TAMS 0x00000000ed900000, 0x00000000ed900000| Complete 
| 218|0x00000000eda00000, 0x00000000edb00000, 0x00000000edb00000|100%| E|CS|TAMS 0x00000000eda00000, 0x00000000eda00000| Complete 
| 219|0x00000000edb00000, 0x00000000edc00000, 0x00000000edc00000|100%| E|CS|TAMS 0x00000000edb00000, 0x00000000edb00000| Complete 
| 220|0x00000000edc00000, 0x00000000edd00000, 0x00000000edd00000|100%| E|CS|TAMS 0x00000000edc00000, 0x00000000edc00000| Complete 
| 221|0x00000000edd00000, 0x00000000ede00000, 0x00000000ede00000|100%| E|CS|TAMS 0x00000000edd00000, 0x00000000edd00000| Complete 
| 222|0x00000000ede00000, 0x00000000edf00000, 0x00000000edf00000|100%| E|CS|TAMS 0x00000000ede00000, 0x00000000ede00000| Complete 
| 223|0x00000000edf00000, 0x00000000ee000000, 0x00000000ee000000|100%| E|CS|TAMS 0x00000000edf00000, 0x00000000edf00000| Complete 
| 224|0x00000000ee000000, 0x00000000ee100000, 0x00000000ee100000|100%| E|CS|TAMS 0x00000000ee000000, 0x00000000ee000000| Complete 
| 225|0x00000000ee100000, 0x00000000ee200000, 0x00000000ee200000|100%| E|CS|TAMS 0x00000000ee100000, 0x00000000ee100000| Complete 
| 226|0x00000000ee200000, 0x00000000ee300000, 0x00000000ee300000|100%| E|CS|TAMS 0x00000000ee200000, 0x00000000ee200000| Complete 
| 227|0x00000000ee300000, 0x00000000ee400000, 0x00000000ee400000|100%| E|CS|TAMS 0x00000000ee300000, 0x00000000ee300000| Complete 
| 228|0x00000000ee400000, 0x00000000ee500000, 0x00000000ee500000|100%| E|CS|TAMS 0x00000000ee400000, 0x00000000ee400000| Complete 
| 229|0x00000000ee500000, 0x00000000ee600000, 0x00000000ee600000|100%| E|CS|TAMS 0x00000000ee500000, 0x00000000ee500000| Complete 
| 230|0x00000000ee600000, 0x00000000ee62b330, 0x00000000ee700000| 16%| S|CS|TAMS 0x00000000ee600000, 0x00000000ee600000| Complete 
| 231|0x00000000ee700000, 0x00000000ee800000, 0x00000000ee800000|100%| S|CS|TAMS 0x00000000ee700000, 0x00000000ee700000| Complete 
| 232|0x00000000ee800000, 0x00000000ee900000, 0x00000000ee900000|100%| S|CS|TAMS 0x00000000ee800000, 0x00000000ee800000| Complete 
| 233|0x00000000ee900000, 0x00000000eea00000, 0x00000000eea00000|100%| S|CS|TAMS 0x00000000ee900000, 0x00000000ee900000| Complete 
| 234|0x00000000eea00000, 0x00000000eeb00000, 0x00000000eeb00000|100%| S|CS|TAMS 0x00000000eea00000, 0x00000000eea00000| Complete 
| 235|0x00000000eeb00000, 0x00000000eec00000, 0x00000000eec00000|100%| S|CS|TAMS 0x00000000eeb00000, 0x00000000eeb00000| Complete 
| 236|0x00000000eec00000, 0x00000000eed00000, 0x00000000eed00000|100%| S|CS|TAMS 0x00000000eec00000, 0x00000000eec00000| Complete 
| 237|0x00000000eed00000, 0x00000000eee00000, 0x00000000eee00000|100%| S|CS|TAMS 0x00000000eed00000, 0x00000000eed00000| Complete 
| 238|0x00000000eee00000, 0x00000000eef00000, 0x00000000eef00000|100%| S|CS|TAMS 0x00000000eee00000, 0x00000000eee00000| Complete 
| 239|0x00000000eef00000, 0x00000000ef000000, 0x00000000ef000000|100%| S|CS|TAMS 0x00000000eef00000, 0x00000000eef00000| Complete 
| 240|0x00000000ef000000, 0x00000000ef100000, 0x00000000ef100000|100%| E|CS|TAMS 0x00000000ef000000, 0x00000000ef000000| Complete 
| 241|0x00000000ef100000, 0x00000000ef200000, 0x00000000ef200000|100%| E|CS|TAMS 0x00000000ef100000, 0x00000000ef100000| Complete 
| 242|0x00000000ef200000, 0x00000000ef300000, 0x00000000ef300000|100%| E|CS|TAMS 0x00000000ef200000, 0x00000000ef200000| Complete 
| 243|0x00000000ef300000, 0x00000000ef400000, 0x00000000ef400000|100%| E|CS|TAMS 0x00000000ef300000, 0x00000000ef300000| Complete 
| 244|0x00000000ef400000, 0x00000000ef500000, 0x00000000ef500000|100%| E|CS|TAMS 0x00000000ef400000, 0x00000000ef400000| Complete 
| 245|0x00000000ef500000, 0x00000000ef600000, 0x00000000ef600000|100%| E|CS|TAMS 0x00000000ef500000, 0x00000000ef500000| Complete 
| 246|0x00000000ef600000, 0x00000000ef700000, 0x00000000ef700000|100%| E|CS|TAMS 0x00000000ef600000, 0x00000000ef600000| Complete 
| 247|0x00000000ef700000, 0x00000000ef800000, 0x00000000ef800000|100%| E|CS|TAMS 0x00000000ef700000, 0x00000000ef700000| Complete 
| 248|0x00000000ef800000, 0x00000000ef900000, 0x00000000ef900000|100%| E|CS|TAMS 0x00000000ef800000, 0x00000000ef800000| Complete 
| 249|0x00000000ef900000, 0x00000000efa00000, 0x00000000efa00000|100%| E|CS|TAMS 0x00000000ef900000, 0x00000000ef900000| Complete 
| 250|0x00000000efa00000, 0x00000000efb00000, 0x00000000efb00000|100%| E|CS|TAMS 0x00000000efa00000, 0x00000000efa00000| Complete 
| 251|0x00000000efb00000, 0x00000000efc00000, 0x00000000efc00000|100%| E|CS|TAMS 0x00000000efb00000, 0x00000000efb00000| Complete 
| 252|0x00000000efc00000, 0x00000000efd00000, 0x00000000efd00000|100%| E|CS|TAMS 0x00000000efc00000, 0x00000000efc00000| Complete 
| 253|0x00000000efd00000, 0x00000000efe00000, 0x00000000efe00000|100%| E|CS|TAMS 0x00000000efd00000, 0x00000000efd00000| Complete 
| 254|0x00000000efe00000, 0x00000000eff00000, 0x00000000eff00000|100%| E|CS|TAMS 0x00000000efe00000, 0x00000000efe00000| Complete 
| 255|0x00000000eff00000, 0x00000000f0000000, 0x00000000f0000000|100%| E|CS|TAMS 0x00000000eff00000, 0x00000000eff00000| Complete 

Card table byte_map: [0x000001bc2a210000,0x000001bc2a310000] _byte_map_base: 0x000001bc29b10000

Marking Bits (Prev, Next): (CMBitMap*) 0x000001bc1793cb00, (CMBitMap*) 0x000001bc1793cb40
 Prev Bits: [0x000001bc2a410000, 0x000001bc2ac10000)
 Next Bits: [0x000001bc2ac10000, 0x000001bc2b410000)

Polling page: 0x000001bc170e0000

Metaspace:

Usage:
  Non-class:     42.76 MB used.
      Class:      6.60 MB used.
       Both:     49.36 MB used.

Virtual space:
  Non-class space:       48.00 MB reserved,      43.00 MB ( 90%) committed,  6 nodes.
      Class space:      208.00 MB reserved,       6.81 MB (  3%) committed,  1 nodes.
             Both:      256.00 MB reserved,      49.81 MB ( 19%) committed. 

Chunk freelists:
   Non-Class:  800.00 KB
       Class:  1.20 MB
        Both:  1.98 MB

MaxMetaspaceSize: 256.00 MB
CompressedClassSpaceSize: 208.00 MB
Initial GC threshold: 21.00 MB
Current GC threshold: 58.75 MB
CDS: off
MetaspaceReclaimPolicy: balanced
 - commit_granule_bytes: 65536.
 - commit_granule_words: 8192.
 - virtual_space_node_default_size: 1048576.
 - enlarge_chunks_in_place: 1.
 - new_chunks_are_fully_committed: 0.
 - uncommit_free_chunks: 1.
 - use_allocation_guard: 0.
 - handle_deallocations: 1.


Internal statistics:

num_allocs_failed_limit: 6.
num_arena_births: 434.
num_arena_deaths: 0.
num_vsnodes_births: 7.
num_vsnodes_deaths: 0.
num_space_committed: 797.
num_space_uncommitted: 0.
num_chunks_returned_to_freelist: 6.
num_chunks_taken_from_freelist: 1981.
num_chunk_merges: 6.
num_chunk_splits: 1308.
num_chunks_enlarged: 916.
num_purges: 0.
num_inconsistent_stats: 0.

CodeHeap 'non-profiled nmethods': size=120000Kb used=1951Kb max_used=2912Kb free=118048Kb
 bounds [0x000001bc228b0000, 0x000001bc22b90000, 0x000001bc29de0000]
CodeHeap 'profiled nmethods': size=120000Kb used=7808Kb max_used=9574Kb free=112191Kb
 bounds [0x000001bc1ade0000, 0x000001bc1b740000, 0x000001bc22310000]
CodeHeap 'non-nmethods': size=5760Kb used=2312Kb max_used=2386Kb free=3447Kb
 bounds [0x000001bc22310000, 0x000001bc22580000, 0x000001bc228b0000]
 total_blobs=4850 nmethods=4018 adapters=743
 compilation: enabled
              stopped_count=0, restarted_count=0
 full_count=0

Compilation events (20 events):
Event: 12.581 Thread 0x000001bc2e880f10 4773       3       java.lang.invoke.MethodHandle::bindTo (19 bytes)
Event: 12.582 Thread 0x000001bc2e880f10 nmethod 4773 0x000001bc1aeb7710 code [0x000001bc1aeb7920, 0x000001bc1aeb7f58]
Event: 12.582 Thread 0x000001bc2e880f10 4774       3       java.lang.invoke.MethodType::leadingReferenceParameter (30 bytes)
Event: 12.582 Thread 0x000001bc2e880f10 nmethod 4774 0x000001bc1b224190 code [0x000001bc1b224340, 0x000001bc1b224648]
Event: 12.607 Thread 0x000001bc2e880f10 4775       3       org.gradle.internal.logging.slf4j.OutputEventListenerBackedLogger::isLevelAtMost (20 bytes)
Event: 12.608 Thread 0x000001bc2e880f10 nmethod 4775 0x000001bc1afa1410 code [0x000001bc1afa15c0, 0x000001bc1afa18e8]
Event: 12.608 Thread 0x000001bc2e880f10 4776       3       org.gradle.internal.logging.slf4j.OutputEventListenerBackedLoggerContext::getLevel (11 bytes)
Event: 12.608 Thread 0x000001bc2e880f10 nmethod 4776 0x000001bc1aea5d10 code [0x000001bc1aea5ea0, 0x000001bc1aea60b8]
Event: 12.609 Thread 0x000001bc2e880f10 4777       3       com.google.common.collect.AbstractIndexedListIterator::next (31 bytes)
Event: 12.610 Thread 0x000001bc2e880f10 nmethod 4777 0x000001bc1b0f6a10 code [0x000001bc1b0f6be0, 0x000001bc1b0f6f78]
Event: 12.610 Thread 0x000001bc2e880f10 4780       3       com.google.common.collect.Iterators$ArrayItr::get (12 bytes)
Event: 12.610 Thread 0x000001bc2e880f10 nmethod 4780 0x000001bc1ae67e90 code [0x000001bc1ae68020, 0x000001bc1ae68158]
Event: 12.610 Thread 0x000001bc2e880f10 4778       3       com.google.common.collect.ImmutableCollection::<init> (5 bytes)
Event: 12.610 Thread 0x000001bc2e880f10 nmethod 4778 0x000001bc1aff1410 code [0x000001bc1aff15c0, 0x000001bc1aff1778]
Event: 12.610 Thread 0x000001bc2e880f10 4779       1       org.gradle.api.attributes.Attribute::hashCode (5 bytes)
Event: 12.610 Thread 0x000001bc2e880f10 nmethod 4779 0x000001bc22aafc90 code [0x000001bc22aafe20, 0x000001bc22aafef8]
Event: 12.616 Thread 0x000001bc2e880f10 4781       3       java.lang.invoke.DelegatingMethodHandle::<init> (10 bytes)
Event: 12.616 Thread 0x000001bc2e880f10 nmethod 4781 0x000001bc1b05c810 code [0x000001bc1b05c9e0, 0x000001bc1b05cd98]
Event: 12.616 Thread 0x000001bc2e880f10 4782       3       java.lang.invoke.DelegatingMethodHandle::chooseDelegatingForm (24 bytes)
Event: 12.617 Thread 0x000001bc2e880f10 nmethod 4782 0x000001bc1b4c5290 code [0x000001bc1b4c5440, 0x000001bc1b4c5768]

GC Heap History (10 events):
Event: 1.002 GC heap before
{Heap before GC invocations=0 (full 0):
 garbage-first heap   total 262144K, used 28672K [0x00000000e0000000, 0x0000000100000000)
  region size 1024K, 23 young (23552K), 0 survivors (0K)
 Metaspace       used 10219K, committed 10432K, reserved 229376K
  class space    used 1057K, committed 1152K, reserved 212992K
}
Event: 1.007 GC heap after
{Heap after GC invocations=1 (full 0):
 garbage-first heap   total 262144K, used 9069K [0x00000000e0000000, 0x0000000100000000)
  region size 1024K, 3 young (3072K), 3 survivors (3072K)
 Metaspace       used 10219K, committed 10432K, reserved 229376K
  class space    used 1057K, committed 1152K, reserved 212992K
}
Event: 1.374 GC heap before
{Heap before GC invocations=1 (full 0):
 garbage-first heap   total 262144K, used 37741K [0x00000000e0000000, 0x0000000100000000)
  region size 1024K, 31 young (31744K), 3 survivors (3072K)
 Metaspace       used 11174K, committed 11392K, reserved 229376K
  class space    used 1160K, committed 1280K, reserved 212992K
}
Event: 1.378 GC heap after
{Heap after GC invocations=2 (full 0):
 garbage-first heap   total 262144K, used 13405K [0x00000000e0000000, 0x0000000100000000)
  region size 1024K, 4 young (4096K), 4 survivors (4096K)
 Metaspace       used 11174K, committed 11392K, reserved 229376K
  class space    used 1160K, committed 1280K, reserved 212992K
}
Event: 2.237 GC heap before
{Heap before GC invocations=2 (full 0):
 garbage-first heap   total 262144K, used 51293K [0x00000000e0000000, 0x0000000100000000)
  region size 1024K, 42 young (43008K), 4 survivors (4096K)
 Metaspace       used 21274K, committed 21504K, reserved 237568K
  class space    used 2573K, committed 2688K, reserved 212992K
}
Event: 2.242 GC heap after
{Heap after GC invocations=3 (full 0):
 garbage-first heap   total 262144K, used 17496K [0x00000000e0000000, 0x0000000100000000)
  region size 1024K, 8 young (8192K), 8 survivors (8192K)
 Metaspace       used 21274K, committed 21504K, reserved 237568K
  class space    used 2573K, committed 2688K, reserved 212992K
}
Event: 9.886 GC heap before
{Heap before GC invocations=4 (full 0):
 garbage-first heap   total 262144K, used 129112K [0x00000000e0000000, 0x0000000100000000)
  region size 1024K, 89 young (91136K), 8 survivors (8192K)
 Metaspace       used 33021K, committed 33408K, reserved 245760K
  class space    used 4590K, committed 4800K, reserved 212992K
}
Event: 9.897 GC heap after
{Heap after GC invocations=5 (full 0):
 garbage-first heap   total 262144K, used 55612K [0x00000000e0000000, 0x0000000100000000)
  region size 1024K, 12 young (12288K), 12 survivors (12288K)
 Metaspace       used 33021K, committed 33408K, reserved 245760K
  class space    used 4590K, committed 4800K, reserved 212992K
}
Event: 10.225 GC heap before
{Heap before GC invocations=5 (full 0):
 garbage-first heap   total 262144K, used 70972K [0x00000000e0000000, 0x0000000100000000)
  region size 1024K, 28 young (28672K), 12 survivors (12288K)
 Metaspace       used 35645K, committed 35968K, reserved 245760K
  class space    used 4985K, committed 5120K, reserved 212992K
}
Event: 10.232 GC heap after
{Heap after GC invocations=6 (full 0):
 garbage-first heap   total 262144K, used 56529K [0x00000000e0000000, 0x0000000100000000)
  region size 1024K, 10 young (10240K), 10 survivors (10240K)
 Metaspace       used 35645K, committed 35968K, reserved 245760K
  class space    used 4985K, committed 5120K, reserved 212992K
}

Dll operation events (2 events):
Event: 0.024 Loaded shared library C:\Program Files\Android\Android Studio\jbr\bin\java.dll
Event: 0.497 Loaded shared library C:\Program Files\Android\Android Studio\jbr\bin\verify.dll

Deoptimization events (20 events):
Event: 12.188 Thread 0x000001bc2f5b21b0 Uncommon trap: trap_request=0xffffff45 fr.pc=0x000001bc2299bfc8 relative=0x0000000000000688
Event: 12.188 Thread 0x000001bc2f5b21b0 Uncommon trap: reason=unstable_if action=reinterpret pc=0x000001bc2299bfc8 method=java.lang.StringLatin1.regionMatchesCI([BI[BII)Z @ 72 c2
Event: 12.188 Thread 0x000001bc2f5b21b0 DEOPT PACKING pc=0x000001bc2299bfc8 sp=0x00000053be1fe340
Event: 12.188 Thread 0x000001bc2f5b21b0 DEOPT UNPACKING pc=0x000001bc223669a3 sp=0x00000053be1fe238 mode 2
Event: 12.194 Thread 0x000001bc2f5b21b0 Uncommon trap: trap_request=0xffffff45 fr.pc=0x000001bc2299b1d8 relative=0x0000000000000498
Event: 12.194 Thread 0x000001bc2f5b21b0 Uncommon trap: reason=unstable_if action=reinterpret pc=0x000001bc2299b1d8 method=java.lang.StringLatin1.regionMatchesCI([BI[BII)Z @ 72 c2
Event: 12.194 Thread 0x000001bc2f5b21b0 DEOPT PACKING pc=0x000001bc2299b1d8 sp=0x00000053be1fe230
Event: 12.194 Thread 0x000001bc2f5b21b0 DEOPT UNPACKING pc=0x000001bc223669a3 sp=0x00000053be1fe1c0 mode 2
Event: 12.248 Thread 0x000001bc30c72710 Uncommon trap: trap_request=0xffffff45 fr.pc=0x000001bc22af6034 relative=0x0000000000003494
Event: 12.248 Thread 0x000001bc30c72710 Uncommon trap: reason=unstable_if action=reinterpret pc=0x000001bc22af6034 method=java.lang.ClassValue.match(Ljava/lang/ClassValue$Entry;)Z @ 12 c2
Event: 12.248 Thread 0x000001bc30c72710 DEOPT PACKING pc=0x000001bc22af6034 sp=0x00000053bd0f93c0
Event: 12.248 Thread 0x000001bc30c72710 DEOPT UNPACKING pc=0x000001bc223669a3 sp=0x00000053bd0f90e0 mode 2
Event: 12.372 Thread 0x000001bc30c72710 Uncommon trap: trap_request=0xffffff45 fr.pc=0x000001bc22a8bd2c relative=0x000000000000010c
Event: 12.372 Thread 0x000001bc30c72710 Uncommon trap: reason=unstable_if action=reinterpret pc=0x000001bc22a8bd2c method=java.util.Arrays.hashCode([Ljava/lang/Object;)I @ 34 c2
Event: 12.372 Thread 0x000001bc30c72710 DEOPT PACKING pc=0x000001bc22a8bd2c sp=0x00000053bd0f7b30
Event: 12.372 Thread 0x000001bc30c72710 DEOPT UNPACKING pc=0x000001bc223669a3 sp=0x00000053bd0f7aa8 mode 2
Event: 12.381 Thread 0x000001bc30c72710 Uncommon trap: trap_request=0xffffff45 fr.pc=0x000001bc22ae3e44 relative=0x0000000000001544
Event: 12.381 Thread 0x000001bc30c72710 Uncommon trap: reason=unstable_if action=reinterpret pc=0x000001bc22ae3e44 method=java.lang.ClassValue.match(Ljava/lang/ClassValue$Entry;)Z @ 12 c2
Event: 12.381 Thread 0x000001bc30c72710 DEOPT PACKING pc=0x000001bc22ae3e44 sp=0x00000053bd0f6400
Event: 12.382 Thread 0x000001bc30c72710 DEOPT UNPACKING pc=0x000001bc223669a3 sp=0x00000053bd0f6208 mode 2

Classes unloaded (0 events):
No events

Classes redefined (0 events):
No events

Internal exceptions (20 events):
Event: 11.661 Thread 0x000001bc30c72710 Exception <a 'java/lang/ClassNotFoundException'{0x00000000ea45f190}: org/apache/groovy/parser/antlr4/util/StringUtils$3Customizer> (0x00000000ea45f190) 
thrown [s\src\hotspot\share\classfile\systemDictionary.cpp, line 256]
Event: 11.693 Thread 0x000001bc30c72710 Exception <a 'java/lang/NoSuchMethodError'{0x00000000ea3275c8}: 'void java.lang.invoke.DirectMethodHandle$Holder.invokeSpecialIFC(java.lang.Object, java.lang.Object, java.lang.Object)'> (0x00000000ea3275c8) 
thrown [s\src\hotspot\share\interpreter\linkResolver.cpp, line 771]
Event: 12.160 Thread 0x000001bc2f5b21b0 Exception <a 'sun/nio/fs/WindowsException'{0x00000000e9890028}> (0x00000000e9890028) 
thrown [s\src\hotspot\share\prims\jni.cpp, line 517]
Event: 12.202 Thread 0x000001bc2f5b21b0 Exception <a 'sun/nio/fs/WindowsException'{0x00000000e977aaf8}> (0x00000000e977aaf8) 
thrown [s\src\hotspot\share\prims\jni.cpp, line 517]
Event: 12.228 Thread 0x000001bc2f5b21b0 Exception <a 'sun/nio/fs/WindowsException'{0x00000000e977ad08}> (0x00000000e977ad08) 
thrown [s\src\hotspot\share\prims\jni.cpp, line 517]
Event: 12.237 Thread 0x000001bc30c72710 Exception <a 'java/lang/ClassNotFoundException'{0x00000000e9649a38}: sync_studio_tooling1_axou9eazcuo2yubohnuihequvBeanInfo> (0x00000000e9649a38) 
thrown [s\src\hotspot\share\classfile\systemDictionary.cpp, line 256]
Event: 12.238 Thread 0x000001bc30c72710 Exception <a 'java/lang/ClassNotFoundException'{0x00000000e9650348}: sync_studio_tooling1_axou9eazcuo2yubohnuihequvCustomizer> (0x00000000e9650348) 
thrown [s\src\hotspot\share\classfile\systemDictionary.cpp, line 256]
Event: 12.250 Thread 0x000001bc30c72710 Exception <a 'java/lang/ClassNotFoundException'{0x00000000e969c540}: org/gradle/internal/metaobject/ConfigureDelegateBeanInfo> (0x00000000e969c540) 
thrown [s\src\hotspot\share\classfile\systemDictionary.cpp, line 256]
Event: 12.252 Thread 0x000001bc30c72710 Exception <a 'java/lang/ClassNotFoundException'{0x00000000e96ac1f0}: org/gradle/internal/metaobject/ConfigureDelegateCustomizer> (0x00000000e96ac1f0) 
thrown [s\src\hotspot\share\classfile\systemDictionary.cpp, line 256]
Event: 12.260 Thread 0x000001bc30c72710 Exception <a 'java/lang/ClassNotFoundException'{0x00000000e96fa798}: org/gradle/api/internal/initialization/DefaultScriptHandlerBeanInfo> (0x00000000e96fa798) 
thrown [s\src\hotspot\share\classfile\systemDictionary.cpp, line 256]
Event: 12.261 Thread 0x000001bc30c72710 Exception <a 'java/lang/ClassNotFoundException'{0x00000000e950b2c0}: org/gradle/api/internal/initialization/DefaultScriptHandlerCustomizer> (0x00000000e950b2c0) 
thrown [s\src\hotspot\share\classfile\systemDictionary.cpp, line 256]
Event: 12.372 Thread 0x000001bc30c72710 Implicit null exception at 0x000001bc22a8bc6c to 0x000001bc22a8bd10
Event: 12.384 Thread 0x000001bc30c72710 Exception <a 'java/lang/ClassNotFoundException'{0x00000000e8f73af0}: org/gradle/api/internal/artifacts/dsl/dependencies/DefaultDependencyHandler_DecoratedBeanInfo> (0x00000000e8f73af0) 
thrown [s\src\hotspot\share\classfile\systemDictionary.cpp, line 256]
Event: 12.386 Thread 0x000001bc30c72710 Exception <a 'java/lang/ClassNotFoundException'{0x00000000e8f89388}: org/gradle/api/internal/artifacts/dsl/dependencies/DefaultDependencyHandlerBeanInfo> (0x00000000e8f89388) 
thrown [s\src\hotspot\share\classfile\systemDictionary.cpp, line 256]
Event: 12.387 Thread 0x000001bc30c72710 Exception <a 'java/lang/ClassNotFoundException'{0x00000000e8f9e3d0}: org/gradle/api/internal/artifacts/dsl/dependencies/DefaultDependencyHandlerCustomizer> (0x00000000e8f9e3d0) 
thrown [s\src\hotspot\share\classfile\systemDictionary.cpp, line 256]
Event: 12.390 Thread 0x000001bc30c72710 Exception <a 'java/lang/ClassNotFoundException'{0x00000000e8fde638}: org/gradle/api/internal/artifacts/dsl/dependencies/DefaultDependencyHandler_DecoratedCustomizer> (0x00000000e8fde638) 
thrown [s\src\hotspot\share\classfile\systemDictionary.cpp, line 256]
Event: 12.448 Thread 0x000001bc30c72710 Exception <a 'java/lang/NoSuchMethodError'{0x00000000e8c0a988}: 'java.lang.Object java.lang.invoke.DirectMethodHandle$Holder.newInvokeSpecial(java.lang.Object, int, java.lang.Object)'> (0x00000000e8c0a988) 
thrown [s\src\hotspot\share\interpreter\linkResolver.cpp, line 771]
Event: 12.577 Thread 0x000001bc30c72710 Exception <a 'java/lang/NoSuchMethodError'{0x00000000e88a2f10}: 'int java.lang.invoke.DirectMethodHandle$Holder.invokeInterface(java.lang.Object, java.lang.Object)'> (0x00000000e88a2f10) 
thrown [s\src\hotspot\share\interpreter\linkResolver.cpp, line 771]
Event: 12.578 Thread 0x000001bc30c72710 Exception <a 'java/lang/IncompatibleClassChangeError'{0x00000000e88a71e8}: Found class java.lang.Object, but interface was expected> (0x00000000e88a71e8) 
thrown [s\src\hotspot\share\interpreter\linkResolver.cpp, line 838]
Event: 12.579 Thread 0x000001bc30c72710 Exception <a 'java/lang/NoSuchMethodError'{0x00000000e88aec18}: 'int java.lang.invoke.DirectMethodHandle$Holder.invokeSpecialIFC(java.lang.Object, java.lang.Object, java.lang.Object, java.lang.Object, java.lang.Object)'> (0x00000000e88aec18) 
thrown [s\src\hotspot\share\interpreter\linkResolver.cpp, line 771]

VM Operations (20 events):
Event: 11.886 Executing VM operation: HandshakeAllThreads
Event: 11.886 Executing VM operation: HandshakeAllThreads done
Event: 12.124 Executing VM operation: HandshakeAllThreads
Event: 12.124 Executing VM operation: HandshakeAllThreads done
Event: 12.186 Executing VM operation: HandshakeAllThreads
Event: 12.187 Executing VM operation: HandshakeAllThreads done
Event: 12.317 Executing VM operation: HandshakeAllThreads
Event: 12.317 Executing VM operation: HandshakeAllThreads done
Event: 12.325 Executing VM operation: ICBufferFull
Event: 12.325 Executing VM operation: ICBufferFull done
Event: 12.335 Executing VM operation: HandshakeAllThreads
Event: 12.335 Executing VM operation: HandshakeAllThreads done
Event: 12.335 Executing VM operation: HandshakeAllThreads
Event: 12.335 Executing VM operation: HandshakeAllThreads done
Event: 12.355 Executing VM operation: HandshakeAllThreads
Event: 12.356 Executing VM operation: HandshakeAllThreads done
Event: 12.356 Executing VM operation: HandshakeAllThreads
Event: 12.356 Executing VM operation: HandshakeAllThreads done
Event: 12.356 Executing VM operation: HandshakeAllThreads
Event: 12.356 Executing VM operation: HandshakeAllThreads done

Events (20 events):
Event: 12.364 Thread 0x000001bc2e881900 flushing nmethod 0x000001bc1b60f610
Event: 12.364 Thread 0x000001bc2e881900 flushing nmethod 0x000001bc1b64d590
Event: 12.364 Thread 0x000001bc2e881900 flushing nmethod 0x000001bc1b64d990
Event: 12.364 Thread 0x000001bc2e881900 flushing nmethod 0x000001bc1b651990
Event: 12.364 Thread 0x000001bc2e881900 flushing nmethod 0x000001bc1b680f90
Event: 12.364 Thread 0x000001bc2e881900 flushing nmethod 0x000001bc1b690e90
Event: 12.364 Thread 0x000001bc2e881900 flushing nmethod 0x000001bc1b694d10
Event: 12.364 Thread 0x000001bc2e881900 flushing nmethod 0x000001bc1b69ed10
Event: 12.364 Thread 0x000001bc2e881900 flushing nmethod 0x000001bc1b6ab510
Event: 12.364 Thread 0x000001bc2e881900 flushing nmethod 0x000001bc1b6b6e90
Event: 12.364 Thread 0x000001bc2e881900 flushing nmethod 0x000001bc1b6d0a90
Event: 12.364 Thread 0x000001bc2e881900 flushing nmethod 0x000001bc1b6d4090
Event: 12.364 Thread 0x000001bc2e881900 flushing nmethod 0x000001bc1b6d5d90
Event: 12.364 Thread 0x000001bc2e881900 flushing nmethod 0x000001bc1b6e1f10
Event: 12.576 loading class java/util/Collections$ReverseComparator
Event: 12.576 loading class java/util/Collections$ReverseComparator done
Event: 12.576 loading class java/util/Comparators$NaturalOrderComparator
Event: 12.576 loading class java/util/Comparators$NaturalOrderComparator done
Event: 12.576 loading class java/util/Collections$ReverseComparator2
Event: 12.576 loading class java/util/Collections$ReverseComparator2 done


Dynamic libraries:
0x00007ff7dcda0000 - 0x00007ff7dcdaa000 	C:\Program Files\Android\Android Studio\jbr\bin\java.exe
0x00007ff885320000 - 0x00007ff885529000 	C:\WINDOWS\SYSTEM32\ntdll.dll
0x00007ff8835d0000 - 0x00007ff88368e000 	C:\WINDOWS\System32\KERNEL32.DLL
0x00007ff882ca0000 - 0x00007ff883023000 	C:\WINDOWS\System32\KERNELBASE.dll
0x00007ff8827d0000 - 0x00007ff8828e1000 	C:\WINDOWS\System32\ucrtbase.dll
0x00007ff858e20000 - 0x00007ff858e37000 	C:\Program Files\Android\Android Studio\jbr\bin\jli.dll
0x00007ff8841f0000 - 0x00007ff88439d000 	C:\WINDOWS\System32\USER32.dll
0x00007ff883030000 - 0x00007ff883056000 	C:\WINDOWS\System32\win32u.dll
0x00007ff85f6f0000 - 0x00007ff85f995000 	C:\WINDOWS\WinSxS\amd64_microsoft.windows.common-controls_6595b64144ccf1df_6.0.22000.120_none_9d947278b86cc467\COMCTL32.dll
0x00007ff8852b0000 - 0x00007ff8852d9000 	C:\WINDOWS\System32\GDI32.dll
0x00007ff882b80000 - 0x00007ff882c9a000 	C:\WINDOWS\System32\gdi32full.dll
0x00007ff884800000 - 0x00007ff8848a3000 	C:\WINDOWS\System32\msvcrt.dll
0x00007ff882970000 - 0x00007ff882a0d000 	C:\WINDOWS\System32\msvcp_win.dll
0x00007ff858e00000 - 0x00007ff858e1b000 	C:\Program Files\Android\Android Studio\jbr\bin\VCRUNTIME140.dll
0x00007ff8832c0000 - 0x00007ff8832f1000 	C:\WINDOWS\System32\IMM32.DLL
0x00007ff85aab0000 - 0x00007ff85aabc000 	C:\Program Files\Android\Android Studio\jbr\bin\vcruntime140_1.dll
0x00007ff840430000 - 0x00007ff8404bd000 	C:\Program Files\Android\Android Studio\jbr\bin\msvcp140.dll
0x00007fffdf400000 - 0x00007fffe006d000 	C:\Program Files\Android\Android Studio\jbr\bin\server\jvm.dll
0x00007ff8834c0000 - 0x00007ff88356e000 	C:\WINDOWS\System32\ADVAPI32.dll
0x00007ff883190000 - 0x00007ff88322e000 	C:\WINDOWS\System32\sechost.dll
0x00007ff8848b0000 - 0x00007ff8849d1000 	C:\WINDOWS\System32\RPCRT4.dll
0x00007ff87d530000 - 0x00007ff87d53a000 	C:\WINDOWS\SYSTEM32\VERSION.dll
0x00007ff87bfd0000 - 0x00007ff87c003000 	C:\WINDOWS\SYSTEM32\WINMM.dll
0x00007ff86ea70000 - 0x00007ff86ea79000 	C:\WINDOWS\SYSTEM32\WSOCK32.dll
0x00007ff883c10000 - 0x00007ff883c7f000 	C:\WINDOWS\System32\WS2_32.dll
0x00007ff881900000 - 0x00007ff881918000 	C:\WINDOWS\SYSTEM32\kernel.appcore.dll
0x00007ff86c260000 - 0x00007ff86c26a000 	C:\Program Files\Android\Android Studio\jbr\bin\jimage.dll
0x00007ff874930000 - 0x00007ff874b51000 	C:\WINDOWS\SYSTEM32\DBGHELP.DLL
0x00007ff85b270000 - 0x00007ff85b2a1000 	C:\WINDOWS\SYSTEM32\dbgcore.DLL
0x00007ff8828f0000 - 0x00007ff88296f000 	C:\WINDOWS\System32\bcryptPrimitives.dll
0x00007ff86c230000 - 0x00007ff86c255000 	C:\Program Files\Android\Android Studio\jbr\bin\java.dll
0x00007ff86c1c0000 - 0x00007ff86c1d8000 	C:\Program Files\Android\Android Studio\jbr\bin\zip.dll
0x00007ff884a40000 - 0x00007ff885205000 	C:\WINDOWS\System32\SHELL32.dll
0x00007ff880880000 - 0x00007ff8810e4000 	C:\WINDOWS\SYSTEM32\windows.storage.dll
0x00007ff883890000 - 0x00007ff883c06000 	C:\WINDOWS\System32\combase.dll
0x00007ff880710000 - 0x00007ff880877000 	C:\WINDOWS\SYSTEM32\wintypes.dll
0x00007ff883c90000 - 0x00007ff883d7a000 	C:\WINDOWS\System32\SHCORE.dll
0x00007ff883570000 - 0x00007ff8835cd000 	C:\WINDOWS\System32\shlwapi.dll
0x00007ff882700000 - 0x00007ff882721000 	C:\WINDOWS\SYSTEM32\profapi.dll
0x00007ff86c1a0000 - 0x00007ff86c1b9000 	C:\Program Files\Android\Android Studio\jbr\bin\net.dll
0x00007ff87c850000 - 0x00007ff87c962000 	C:\WINDOWS\SYSTEM32\WINHTTP.dll
0x00007ff881da0000 - 0x00007ff881e07000 	C:\WINDOWS\system32\mswsock.dll
0x00007ff83b400000 - 0x00007ff83b416000 	C:\Program Files\Android\Android Studio\jbr\bin\nio.dll
0x00007ff86c140000 - 0x00007ff86c150000 	C:\Program Files\Android\Android Studio\jbr\bin\verify.dll
0x00007ff832a30000 - 0x00007ff832a57000 	C:\Users\arthu\.gradle\native\e1d6ef7f7dcc3fd88c89a11ec53ec762bb8ba0a96d01ffa2cd45eb1d1d8dd5c5\windows-amd64\native-platform.dll
0x00007ff8402e0000 - 0x00007ff840424000 	C:\Users\arthu\.gradle\native\0d407fdbe67a94daf76414ababcb853783967236a71b16ec16e742cd7a986fd3\windows-amd64\native-platform-file-events.dll
0x00007ff86c220000 - 0x00007ff86c229000 	C:\Program Files\Android\Android Studio\jbr\bin\management.dll
0x00007ff86c190000 - 0x00007ff86c19b000 	C:\Program Files\Android\Android Studio\jbr\bin\management_ext.dll
0x00007ff885210000 - 0x00007ff885218000 	C:\WINDOWS\System32\PSAPI.DLL
0x00007ff881fb0000 - 0x00007ff881fc8000 	C:\WINDOWS\SYSTEM32\CRYPTSP.dll
0x00007ff881860000 - 0x00007ff881895000 	C:\WINDOWS\system32\rsaenh.dll
0x00007ff881e60000 - 0x00007ff881e89000 	C:\WINDOWS\SYSTEM32\USERENV.dll
0x00007ff8821b0000 - 0x00007ff8821d7000 	C:\WINDOWS\SYSTEM32\bcrypt.dll
0x00007ff881fd0000 - 0x00007ff881fdc000 	C:\WINDOWS\SYSTEM32\CRYPTBASE.dll
0x00007ff881420000 - 0x00007ff88144d000 	C:\WINDOWS\SYSTEM32\IPHLPAPI.DLL
0x00007ff883c80000 - 0x00007ff883c89000 	C:\WINDOWS\System32\NSI.dll
0x00007ff87c200000 - 0x00007ff87c219000 	C:\WINDOWS\SYSTEM32\dhcpcsvc6.DLL
0x00007ff87d1c0000 - 0x00007ff87d1de000 	C:\WINDOWS\SYSTEM32\dhcpcsvc.DLL
0x00007ff881450000 - 0x00007ff881538000 	C:\WINDOWS\SYSTEM32\DNSAPI.dll
0x00007ff87f560000 - 0x00007ff87f568000 	C:\WINDOWS\system32\wshunix.dll
0x00007ff881920000 - 0x00007ff881954000 	C:\WINDOWS\SYSTEM32\ntmarta.dll

dbghelp: loaded successfully - version: 4.0.5 - missing functions: none
symbol engine: initialized successfully - sym options: 0x614 - pdb path: .;C:\Program Files\Android\Android Studio\jbr\bin;C:\WINDOWS\SYSTEM32;C:\WINDOWS\WinSxS\amd64_microsoft.windows.common-controls_6595b64144ccf1df_6.0.22000.120_none_9d947278b86cc467;C:\Program Files\Android\Android Studio\jbr\bin\server;C:\Users\arthu\.gradle\native\e1d6ef7f7dcc3fd88c89a11ec53ec762bb8ba0a96d01ffa2cd45eb1d1d8dd5c5\windows-amd64;C:\Users\arthu\.gradle\native\0d407fdbe67a94daf76414ababcb853783967236a71b16ec16e742cd7a986fd3\windows-amd64

VM Arguments:
jvm_args: --add-opens=java.base/java.util=ALL-UNNAMED --add-opens=java.base/java.lang=ALL-UNNAMED --add-opens=java.base/java.lang.invoke=ALL-UNNAMED --add-opens=java.base/java.util=ALL-UNNAMED --add-opens=java.prefs/java.util.prefs=ALL-UNNAMED --add-opens=java.prefs/java.util.prefs=ALL-UNNAMED --add-opens=java.base/java.nio.charset=ALL-UNNAMED --add-opens=java.base/java.net=ALL-UNNAMED --add-opens=java.base/java.util.concurrent.atomic=ALL-UNNAMED -XX:MaxMetaspaceSize=256m -XX:+HeapDumpOnOutOfMemoryError -Xms256m -Xmx512m -Dfile.encoding=windows-1252 -Duser.country=US -Duser.language=en -Duser.variant 
java_command: org.gradle.launcher.daemon.bootstrap.GradleDaemon 7.5
java_class_path (initial): C:\Users\arthu\.gradle\wrapper\dists\gradle-7.5-all\6qsw290k5lz422uaf8jf6m7co\gradle-7.5\lib\gradle-launcher-7.5.jar
Launcher Type: SUN_STANDARD

[Global flags]
     intx CICompilerCount                          = 4                                         {product} {ergonomic}
   size_t CompressedClassSpaceSize                 = 218103808                                 {product} {ergonomic}
     uint ConcGCThreads                            = 2                                         {product} {ergonomic}
     uint G1ConcRefinementThreads                  = 8                                         {product} {ergonomic}
   size_t G1HeapRegionSize                         = 1048576                                   {product} {ergonomic}
    uintx GCDrainStackTargetSize                   = 64                                        {product} {ergonomic}
     bool HeapDumpOnOutOfMemoryError               = true                                   {manageable} {command line}
   size_t InitialHeapSize                          = 268435456                                 {product} {command line}
   size_t MarkStackSize                            = 4194304                                   {product} {ergonomic}
   size_t MaxHeapSize                              = 536870912                                 {product} {command line}
   size_t MaxMetaspaceSize                         = 268435456                                 {product} {command line}
   size_t MaxNewSize                               = 321912832                                 {product} {ergonomic}
   size_t MinHeapDeltaBytes                        = 1048576                                   {product} {ergonomic}
   size_t MinHeapSize                              = 268435456                                 {product} {command line}
    uintx NonNMethodCodeHeapSize                   = 5839372                                {pd product} {ergonomic}
    uintx NonProfiledCodeHeapSize                  = 122909434                              {pd product} {ergonomic}
    uintx ProfiledCodeHeapSize                     = 122909434                              {pd product} {ergonomic}
    uintx ReservedCodeCacheSize                    = 251658240                              {pd product} {ergonomic}
     bool SegmentedCodeCache                       = true                                      {product} {ergonomic}
   size_t SoftMaxHeapSize                          = 536870912                              {manageable} {ergonomic}
     bool UseCompressedClassPointers               = true                           {product lp64_product} {ergonomic}
     bool UseCompressedOops                        = true                           {product lp64_product} {ergonomic}
     bool UseG1GC                                  = true                                      {product} {ergonomic}
     bool UseLargePagesIndividualAllocation        = false                                  {pd product} {ergonomic}

Logging:
Log output configuration:
 #0: stdout all=warning uptime,level,tags
 #1: stderr all=off uptime,level,tags

Environment Variables:
PATH=C:\Program Files\Common Files\Oracle\Java\javapath;C:\Program Files\Eclipse Adoptium\jdk-17.0.6.10-hotspot\bin;C:\WINDOWS\system32;C:\WINDOWS;C:\WINDOWS\System32\Wbem;C:\WINDOWS\System32\WindowsPowerShell\v1.0\;C:\WINDOWS\System32\OpenSSH\;C:\Program Files\Git\cmd;C:\Users\arthu\AppData\Local\Programs\Python\Python37\Scripts\;C:\Users\arthu\AppData\Local\Programs\Python\Python37\;C:\Users\arthu\AppData\Local\Programs\Python\Python311\Scripts\;C:\Users\arthu\AppData\Local\Programs\Python\Python311\;C:\Users\arthu\AppData\Local\Microsoft\WindowsApps;;G:\Downloads Windows\Microsoft VS Code\bin
USERNAME=arthu
OS=Windows_NT
PROCESSOR_IDENTIFIER=Intel64 Family 6 Model 142 Stepping 12, GenuineIntel
TMP=C:\Users\arthu\AppData\Local\Temp
TEMP=C:\Users\arthu\AppData\Local\Temp



---------------  S Y S T E M  ---------------

OS:
 Windows 11 , 64 bit Build 22000 (10.0.22000.1761)
OS uptime: 2 days 2:57 hours
Hyper-V role detected

CPU: total 8 (initial active 8) (4 cores per cpu, 2 threads per core) family 6 model 142 stepping 12 microcode 0xf0, cx8, cmov, fxsr, ht, mmx, 3dnowpref, sse, sse2, sse3, ssse3, sse4.1, sse4.2, popcnt, lzcnt, tsc, tscinvbit, avx, avx2, aes, erms, clmul, bmi1, bmi2, adx, fma, vzeroupper, clflush, clflushopt, hv

Memory: 4k page, system-wide physical 16259M (1046M free)
TotalPageFile size 20343M (AvailPageFile size 7M)
current process WorkingSet (physical memory assigned to process): 348M, peak: 350M
current process commit charge ("private bytes"): 469M, peak: 472M

vm_info: OpenJDK 64-Bit Server VM (17.0.6+0-b2043.56-9586694) for windows-amd64 JRE (17.0.6+0-b2043.56-9586694), built on Feb  9 2023 20:06:20 by "androidbuild" with MS VC++ 16.10 / 16.11 (VS2019)

END.
